Processor 0
+----------------------------------------------------------+
| FACILITY                                                 |
+----------------------------------------------------------+
|  Status = not BUSY                                       |
|  Time interval = 0 - 8.64e+07                            |
|  Number of requests = 183                                |
|  Average utilization = 0.000225451                       |
+----------------------------------------------------------+

Processor 1
+----------------------------------------------------------+
| FACILITY                                                 |
+----------------------------------------------------------+
|  Status = not BUSY                                       |
|  Time interval = 0 - 8.64e+07                            |
|  Number of requests = 705                                |
|  Average utilization = 0.000763041                       |
+----------------------------------------------------------+

Processor 2
+----------------------------------------------------------+
| FACILITY                                                 |
+----------------------------------------------------------+
|  Status = not BUSY                                       |
|  Time interval = 0 - 8.64e+07                            |
|  Number of requests = 2637                               |
|  Average utilization = 0.00240731                        |
+----------------------------------------------------------+

Processor 3
+----------------------------------------------------------+
| FACILITY                                                 |
+----------------------------------------------------------+
|  Status = not BUSY                                       |
|  Time interval = 0 - 8.64e+07                            |
|  Number of requests = 10314                              |
|  Average utilization = 0.00760505                        |
+----------------------------------------------------------+

Processor 4
+----------------------------------------------------------+
| FACILITY                                                 |
+----------------------------------------------------------+
|  Status = not BUSY                                       |
|  Time interval = 0 - 8.64e+07                            |
|  Number of requests = 41271                              |
|  Average utilization = 0.0231426                         |
+----------------------------------------------------------+

Processor 5
+----------------------------------------------------------+
| FACILITY                                                 |
+----------------------------------------------------------+
|  Status = not BUSY                                       |
|  Time interval = 0 - 8.64e+07                            |
|  Number of requests = 160200                             |
|  Average utilization = 0.0660428                         |
+----------------------------------------------------------+

Processor 6
+----------------------------------------------------------+
| FACILITY                                                 |
+----------------------------------------------------------+
|  Status = not BUSY                                       |
|  Time interval = 0 - 8.64e+07                            |
|  Number of requests = 558754                             |
|  Average utilization = 0.164275                          |
+----------------------------------------------------------+

Processor 7
+----------------------------------------------------------+
| FACILITY                                                 |
+----------------------------------------------------------+
|  Status = not BUSY                                       |
|  Time interval = 0 - 8.64e+07                            |
|  Number of requests = 1537347                            |
|  Average utilization = 0.331443                          |
+----------------------------------------------------------+

Average utilization of all processors: 0.074488
+----------------------------------------------------------+
| FACILITY Disk                                            |
+----------------------------------------------------------+
|  Status = not BUSY                                       |
|  Time interval = 0 - 8.64e+07                            |
|  Number of requests = 1068945                            |
|  Average utilization = 0.375005                          |
+----------------------------------------------------------+
  Input queue 'Disk.Q1'
+----------------------------------------------------------+
| QUEUE Q1                                                 |
+----------------------------------------------------------+
|  Time interval = 0 - 8.64e+07                            |
|  Incoming  415726                                        |
|  Outcoming  415726                                       |
|  Current length = 0                                      |
|  Maximal length = 7                                      |
|  Average length = 0.141827                               |
|  Minimal time = 2.6878e-05                               |
|  Maximal time = 271.547                                  |
|  Average time = 29.4758                                  |
|  Standard deviation = 25.2334                            |
+----------------------------------------------------------+

+----------------------------------------------------------+
| FACILITY Database system                                 |
+----------------------------------------------------------+
|  Status = not BUSY                                       |
|  Time interval = 0 - 8.64e+07                            |
|  Number of requests = 96048                              |
|  Average utilization = 0.0522306                         |
+----------------------------------------------------------+

+----------------------------------------------------------+
| STORE WebServers                                         |
+----------------------------------------------------------+
|  Capacity = 6  (0 used, 6 free)                          |
|  Time interval = 0 - 8.64e+07                            |
|  Number of Enter operations = 475915                     |
|  Minimal used capacity = 0                               |
|  Maximal used capacity = 6                               |
|  Average used capacity = 0.232463                        |
+----------------------------------------------------------+
  Input queue 'WebServers.Q'
+----------------------------------------------------------+
| QUEUE Q                                                  |
+----------------------------------------------------------+
|  Time interval = 0 - 8.64e+07                            |
|  Incoming  14                                            |
|  Outcoming  14                                           |
|  Current length = 0                                      |
|  Maximal length = 2                                      |
|  Average length = 4.06726e-06                            |
|  Minimal time = 1.15362                                  |
|  Maximal time = 46.2498                                  |
|  Average time = 25.1008                                  |
+----------------------------------------------------------+

+----------------------------------------------------------+
| QUEUE Waiting processes                                  |
+----------------------------------------------------------+
|  Time interval = 0 - 8.64e+07                            |
|  Incoming  102                                           |
|  Outcoming  102                                          |
|  Current length = 0                                      |
|  Maximal length = 4                                      |
|  Average length = 2.21559e-05                            |
|  Minimal time = 0.0460331                                |
|  Maximal time = 82.9186                                  |
|  Average time = 18.7673                                  |
|  Standard deviation = 19.9696                            |
+----------------------------------------------------------+

ALL Processes 484520

WEBSITE
WEB processes: 475915
Iteration on web server: 475915
Memcached: 380690
SQL Cache: 32647
SQL DB: 62578
+----------------------------------------------------------+
| HISTOGRAM Time spent on loading website                  |
+----------------------------------------------------------+
| STATISTIC                                                |
+----------------------------------------------------------+
|  Min = 15.0001                 Max = 317.488             |
|  Number of records = 475915                              |
|  Average value = 42.2047                                 |
|  Standard deviation = 25.6849                            |
+----------------------------------------------------------+
|    from    |     to     |     n    |   rel    |   sum    |
+------------+------------+----------+----------+----------+
|      0.000 |     10.000 |        0 | 0.000000 | 0.000000 |
|     10.000 |     20.000 |    60064 | 0.126207 | 0.126207 |
|     20.000 |     30.000 |   133305 | 0.280103 | 0.406310 |
|     30.000 |     40.000 |   102869 | 0.216150 | 0.622460 |
|     40.000 |     50.000 |    37696 | 0.079207 | 0.701667 |
|     50.000 |     60.000 |    46117 | 0.096902 | 0.798569 |
|     60.000 |     70.000 |    38834 | 0.081599 | 0.880168 |
|     70.000 |     80.000 |    17570 | 0.036918 | 0.917086 |
|     80.000 |     90.000 |    12961 | 0.027234 | 0.944320 |
|     90.000 |    100.000 |     8923 | 0.018749 | 0.963069 |
|    100.000 |    110.000 |     5590 | 0.011746 | 0.974815 |
|    110.000 |    120.000 |     3840 | 0.008069 | 0.982883 |
|    120.000 |    130.000 |     2652 | 0.005572 | 0.988456 |
|    130.000 |    140.000 |     1807 | 0.003797 | 0.992253 |
|    140.000 |    150.000 |     1244 | 0.002614 | 0.994867 |
|    150.000 |    160.000 |      800 | 0.001681 | 0.996548 |
|    160.000 |    170.000 |      540 | 0.001135 | 0.997682 |
|    170.000 |    180.000 |      347 | 0.000729 | 0.998411 |
|    180.000 |    190.000 |      228 | 0.000479 | 0.998891 |
|    190.000 |    200.000 |      154 | 0.000324 | 0.999214 |
+------------+------------+----------+----------+----------+

SYSTEM PROCESS
SYSTEM processes: 0
Iterations of system processes: 1826891
Disk: 584425
Mem: 1242466
+----------------------------------------------------------+
| HISTOGRAM Time spent on processing system process        |
+----------------------------------------------------------+
| STATISTIC                                                |
+----------------------------------------------------------+
|  Min = 1.00008                 Max = 320.888             |
|  Number of records = 1826891                             |
|  Average value = 16.9292                                 |
|  Standard deviation = 21.2684                            |
+----------------------------------------------------------+
|    from    |     to     |     n    |   rel    |   sum    |
+------------+------------+----------+----------+----------+
|      0.000 |      5.000 |   552311 | 0.302323 | 0.302323 |
|      5.000 |     10.000 |   690122 | 0.377758 | 0.680081 |
|     10.000 |     15.000 |    30150 | 0.016503 | 0.696584 |
|     15.000 |     20.000 |    52844 | 0.028926 | 0.725510 |
|     20.000 |     25.000 |    55852 | 0.030572 | 0.756082 |
|     25.000 |     30.000 |    59748 | 0.032705 | 0.788787 |
|     30.000 |     35.000 |    63458 | 0.034736 | 0.823522 |
|     35.000 |     40.000 |    65941 | 0.036095 | 0.859617 |
|     40.000 |     45.000 |    68346 | 0.037411 | 0.897028 |
|     45.000 |     50.000 |    60265 | 0.032988 | 0.930016 |
|     50.000 |     55.000 |    20484 | 0.011212 | 0.941228 |
|     55.000 |     60.000 |    18811 | 0.010297 | 0.951525 |
|     60.000 |     65.000 |    16261 | 0.008901 | 0.960426 |
|     65.000 |     70.000 |    13765 | 0.007535 | 0.967960 |
|     70.000 |     75.000 |    11398 | 0.006239 | 0.974199 |
|     75.000 |     80.000 |     9160 | 0.005014 | 0.979213 |
|     80.000 |     85.000 |     7308 | 0.004000 | 0.983214 |
|     85.000 |     90.000 |     5921 | 0.003241 | 0.986455 |
|     90.000 |     95.000 |     4745 | 0.002597 | 0.989052 |
|     95.000 |    100.000 |     3763 | 0.002060 | 0.991112 |
+------------+------------+----------+----------+----------+

USER PROCESS
USER processes: 8605
Iteration of user processes: 8605
DB + Disk: 823
Disk: 7782
+----------------------------------------------------------+
| HISTOGRAM Time spent on processing user process          |
+----------------------------------------------------------+
| STATISTIC                                                |
+----------------------------------------------------------+
|  Min = 13.0053                 Max = 257.91              |
|  Number of records = 8605                                |
|  Average value = 55.1408                                 |
|  Standard deviation = 28.4286                            |
+----------------------------------------------------------+
|    from    |     to     |     n    |   rel    |   sum    |
+------------+------------+----------+----------+----------+
|      0.000 |     40.000 |     2950 | 0.342824 | 0.342824 |
|     40.000 |     80.000 |     4448 | 0.516909 | 0.859733 |
|     80.000 |    120.000 |      973 | 0.113074 | 0.972807 |
|    120.000 |    160.000 |      185 | 0.021499 | 0.994306 |
|    160.000 |    200.000 |       40 | 0.004648 | 0.998954 |
|    200.000 |    240.000 |        7 | 0.000813 | 0.999768 |
|    240.000 |    280.000 |        2 | 0.000232 | 1.000000 |
|    280.000 |    320.000 |        0 | 0.000000 | 1.000000 |
|    320.000 |    360.000 |        0 | 0.000000 | 1.000000 |
|    360.000 |    400.000 |        0 | 0.000000 | 1.000000 |
|    400.000 |    440.000 |        0 | 0.000000 | 1.000000 |
|    440.000 |    480.000 |        0 | 0.000000 | 1.000000 |
|    480.000 |    520.000 |        0 | 0.000000 | 1.000000 |
|    520.000 |    560.000 |        0 | 0.000000 | 1.000000 |
|    560.000 |    600.000 |        0 | 0.000000 | 1.000000 |
|    600.000 |    640.000 |        0 | 0.000000 | 1.000000 |
|    640.000 |    680.000 |        0 | 0.000000 | 1.000000 |
|    680.000 |    720.000 |        0 | 0.000000 | 1.000000 |
|    720.000 |    760.000 |        0 | 0.000000 | 1.000000 |
|    760.000 |    800.000 |        0 | 0.000000 | 1.000000 |
+------------+------------+----------+----------+----------+

Total processes: 2311411
