Processor 0
+----------------------------------------------------------+
| FACILITY                                                 |
+----------------------------------------------------------+
|  Status = not BUSY                                       |
|  Time interval = 0 - 8.64e+07                            |
|  Number of requests = 4341                               |
|  Average utilization = 0.000843538                       |
+----------------------------------------------------------+

Processor 1
+----------------------------------------------------------+
| FACILITY                                                 |
+----------------------------------------------------------+
|  Status = not BUSY                                       |
|  Time interval = 0 - 8.64e+07                            |
|  Number of requests = 40776                              |
|  Average utilization = 0.0058831                         |
+----------------------------------------------------------+

Processor 2
+----------------------------------------------------------+
| FACILITY                                                 |
+----------------------------------------------------------+
|  Status = not BUSY                                       |
|  Time interval = 0 - 8.64e+07                            |
|  Number of requests = 331000                             |
|  Average utilization = 0.0355824                         |
+----------------------------------------------------------+

Processor 3
+----------------------------------------------------------+
| FACILITY                                                 |
+----------------------------------------------------------+
|  Status = not BUSY                                       |
|  Time interval = 0 - 8.64e+07                            |
|  Number of requests = 1936687                            |
|  Average utilization = 0.160861                          |
+----------------------------------------------------------+

Average utilization of all processors: 0.050793
+----------------------------------------------------------+
| FACILITY Disk                                            |
+----------------------------------------------------------+
|  Status = not BUSY                                       |
|  Time interval = 0 - 8.64e+07                            |
|  Number of requests = 1069609                            |
|  Average utilization = 0.111513                          |
+----------------------------------------------------------+
  Input queue 'Disk.Q1'
+----------------------------------------------------------+
| QUEUE Q1                                                 |
+----------------------------------------------------------+
|  Time interval = 0 - 8.64e+07                            |
|  Incoming  126501                                        |
|  Outcoming  126501                                       |
|  Current length = 0                                      |
|  Maximal length = 3                                      |
|  Average length = 0.0124711                              |
|  Minimal time = 7.81566e-05                              |
|  Maximal time = 108.891                                  |
|  Average time = 8.51774                                  |
|  Standard deviation = 8.40902                            |
+----------------------------------------------------------+

+----------------------------------------------------------+
| FACILITY Database system                                 |
+----------------------------------------------------------+
|  Status = not BUSY                                       |
|  Time interval = 0 - 8.64e+07                            |
|  Number of requests = 333137                             |
|  Average utilization = 0.0543806                         |
+----------------------------------------------------------+

+----------------------------------------------------------+
| STORE WebServers                                         |
+----------------------------------------------------------+
|  Capacity = 6  (0 used, 6 free)                          |
|  Time interval = 0 - 8.64e+07                            |
|  Number of Enter operations = 475238                     |
|  Minimal used capacity = 0                               |
|  Maximal used capacity = 4                               |
|  Average used capacity = 0.0794319                       |
+----------------------------------------------------------+

+----------------------------------------------------------+
| QUEUE Waiting processes                                  |
+----------------------------------------------------------+
|  Time interval = 0 - 8.64e+07                            |
|  Incoming  616                                           |
|  Outcoming  616                                          |
|  Current length = 0                                      |
|  Maximal length = 4                                      |
|  Average length = 4.397e-05                              |
|  Minimal time = 0.00233896                               |
|  Maximal time = 60.1216                                  |
|  Average time = 6.16722                                  |
|  Standard deviation = 8.50616                            |
+----------------------------------------------------------+

ALL Processes 483880

WEBSITE
WEB processes: 475238
Iteration on web server: 475238
Memcached: 142951
SQL Cache: 113009
SQL DB: 219278
+----------------------------------------------------------+
| HISTOGRAM Time spent on loading website                  |
+----------------------------------------------------------+
| STATISTIC                                                |
+----------------------------------------------------------+
|  Min = 1.00003                 Max = 118.607             |
|  Number of records = 475238                              |
|  Average value = 14.4433                                 |
|  Standard deviation = 7.63037                            |
+----------------------------------------------------------+
|    from    |     to     |     n    |   rel    |   sum    |
+------------+------------+----------+----------+----------+
|      0.000 |     10.000 |   147892 | 0.311196 | 0.311196 |
|     10.000 |     20.000 |   218652 | 0.460089 | 0.771285 |
|     20.000 |     30.000 |    97555 | 0.205276 | 0.976561 |
|     30.000 |     40.000 |     8253 | 0.017366 | 0.993927 |
|     40.000 |     50.000 |     1902 | 0.004002 | 0.997929 |
|     50.000 |     60.000 |      495 | 0.001042 | 0.998971 |
|     60.000 |     70.000 |      238 | 0.000501 | 0.999472 |
|     70.000 |     80.000 |      147 | 0.000309 | 0.999781 |
|     80.000 |     90.000 |       70 | 0.000147 | 0.999928 |
|     90.000 |    100.000 |       26 | 0.000055 | 0.999983 |
|    100.000 |    110.000 |        7 | 0.000015 | 0.999998 |
|    110.000 |    120.000 |        1 | 0.000002 | 1.000000 |
|    120.000 |    130.000 |        0 | 0.000000 | 1.000000 |
|    130.000 |    140.000 |        0 | 0.000000 | 1.000000 |
|    140.000 |    150.000 |        0 | 0.000000 | 1.000000 |
|    150.000 |    160.000 |        0 | 0.000000 | 1.000000 |
|    160.000 |    170.000 |        0 | 0.000000 | 1.000000 |
|    170.000 |    180.000 |        0 | 0.000000 | 1.000000 |
|    180.000 |    190.000 |        0 | 0.000000 | 1.000000 |
|    190.000 |    200.000 |        0 | 0.000000 | 1.000000 |
+------------+------------+----------+----------+----------+

SYSTEM PROCESS
SYSTEM processes: 0
Iterations of system processes: 1828924
Disk: 585729
Mem: 1243195
+----------------------------------------------------------+
| HISTOGRAM Time spent on processing system process        |
+----------------------------------------------------------+
| STATISTIC                                                |
+----------------------------------------------------------+
|  Min = 1.2666e-06              Max = 110.83              |
|  Number of records = 1828924                             |
|  Average value = 5.64391                                 |
|  Standard deviation = 3.47836                            |
+----------------------------------------------------------+
|    from    |     to     |     n    |   rel    |   sum    |
+------------+------------+----------+----------+----------+
|      0.000 |      5.000 |   818998 | 0.447803 | 0.447803 |
|      5.000 |     10.000 |   970907 | 0.530862 | 0.978666 |
|     10.000 |     15.000 |    17604 | 0.009625 | 0.988291 |
|     15.000 |     20.000 |    10353 | 0.005661 | 0.993952 |
|     20.000 |     25.000 |     5786 | 0.003164 | 0.997115 |
|     25.000 |     30.000 |     2710 | 0.001482 | 0.998597 |
|     30.000 |     35.000 |      975 | 0.000533 | 0.999130 |
|     35.000 |     40.000 |      494 | 0.000270 | 0.999400 |
|     40.000 |     45.000 |      285 | 0.000156 | 0.999556 |
|     45.000 |     50.000 |      217 | 0.000119 | 0.999675 |
|     50.000 |     55.000 |      161 | 0.000088 | 0.999763 |
|     55.000 |     60.000 |      135 | 0.000074 | 0.999837 |
|     60.000 |     65.000 |      102 | 0.000056 | 0.999892 |
|     65.000 |     70.000 |       77 | 0.000042 | 0.999934 |
|     70.000 |     75.000 |       56 | 0.000031 | 0.999965 |
|     75.000 |     80.000 |       33 | 0.000018 | 0.999983 |
|     80.000 |     85.000 |       24 | 0.000013 | 0.999996 |
|     85.000 |     90.000 |        3 | 0.000002 | 0.999998 |
|     90.000 |     95.000 |        3 | 0.000002 | 0.999999 |
|     95.000 |    100.000 |        0 | 0.000000 | 0.999999 |
+------------+------------+----------+----------+----------+

USER PROCESS
USER processes: 8642
Iteration of user processes: 8642
DB + Disk: 850
Disk: 7792
+----------------------------------------------------------+
| HISTOGRAM Time spent on processing user process          |
+----------------------------------------------------------+
| STATISTIC                                                |
+----------------------------------------------------------+
|  Min = 2.00017                 Max = 128.222             |
|  Number of records = 8642                                |
|  Average value = 42.977                                  |
|  Standard deviation = 22.3991                            |
+----------------------------------------------------------+
|    from    |     to     |     n    |   rel    |   sum    |
+------------+------------+----------+----------+----------+
|      0.000 |     40.000 |     3904 | 0.451747 | 0.451747 |
|     40.000 |     80.000 |     4644 | 0.537376 | 0.989123 |
|     80.000 |    120.000 |       93 | 0.010761 | 0.999884 |
|    120.000 |    160.000 |        1 | 0.000116 | 1.000000 |
|    160.000 |    200.000 |        0 | 0.000000 | 1.000000 |
|    200.000 |    240.000 |        0 | 0.000000 | 1.000000 |
|    240.000 |    280.000 |        0 | 0.000000 | 1.000000 |
|    280.000 |    320.000 |        0 | 0.000000 | 1.000000 |
|    320.000 |    360.000 |        0 | 0.000000 | 1.000000 |
|    360.000 |    400.000 |        0 | 0.000000 | 1.000000 |
|    400.000 |    440.000 |        0 | 0.000000 | 1.000000 |
|    440.000 |    480.000 |        0 | 0.000000 | 1.000000 |
|    480.000 |    520.000 |        0 | 0.000000 | 1.000000 |
|    520.000 |    560.000 |        0 | 0.000000 | 1.000000 |
|    560.000 |    600.000 |        0 | 0.000000 | 1.000000 |
|    600.000 |    640.000 |        0 | 0.000000 | 1.000000 |
|    640.000 |    680.000 |        0 | 0.000000 | 1.000000 |
|    680.000 |    720.000 |        0 | 0.000000 | 1.000000 |
|    720.000 |    760.000 |        0 | 0.000000 | 1.000000 |
|    760.000 |    800.000 |        0 | 0.000000 | 1.000000 |
+------------+------------+----------+----------+----------+

Total processes: 2312804
