Processor 0
+----------------------------------------------------------+
| FACILITY                                                 |
+----------------------------------------------------------+
|  Status = not BUSY                                       |
|  Time interval = 0 - 8.64e+07                            |
|  Number of requests = 3901                               |
|  Average utilization = 0.000727463                       |
+----------------------------------------------------------+

Processor 1
+----------------------------------------------------------+
| FACILITY                                                 |
+----------------------------------------------------------+
|  Status = not BUSY                                       |
|  Time interval = 0 - 8.64e+07                            |
|  Number of requests = 37487                              |
|  Average utilization = 0.00512817                        |
+----------------------------------------------------------+

Processor 2
+----------------------------------------------------------+
| FACILITY                                                 |
+----------------------------------------------------------+
|  Status = not BUSY                                       |
|  Time interval = 0 - 8.64e+07                            |
|  Number of requests = 322163                             |
|  Average utilization = 0.032944                          |
+----------------------------------------------------------+

Processor 3
+----------------------------------------------------------+
| FACILITY                                                 |
+----------------------------------------------------------+
|  Status = not BUSY                                       |
|  Time interval = 0 - 8.64e+07                            |
|  Number of requests = 1949775                            |
|  Average utilization = 0.155717                          |
+----------------------------------------------------------+

Average utilization of all processors: 0.048629
+----------------------------------------------------------+
| FACILITY Disk                                            |
+----------------------------------------------------------+
|  Status = not BUSY                                       |
|  Time interval = 0 - 8.64e+07                            |
|  Number of requests = 1069720                            |
|  Average utilization = 0.104393                          |
+----------------------------------------------------------+
  Input queue 'Disk.Q1'
+----------------------------------------------------------+
| QUEUE Q1                                                 |
+----------------------------------------------------------+
|  Time interval = 0 - 8.64e+07                            |
|  Incoming  118520                                        |
|  Outcoming  118520                                       |
|  Current length = 0                                      |
|  Maximal length = 3                                      |
|  Average length = 0.0110006                              |
|  Minimal time = 0.000112232                              |
|  Maximal time = 93.3441                                  |
|  Average time = 8.01932                                  |
|  Standard deviation = 8.31502                            |
+----------------------------------------------------------+

+----------------------------------------------------------+
| FACILITY Database system                                 |
+----------------------------------------------------------+
|  Status = not BUSY                                       |
|  Time interval = 0 - 8.64e+07                            |
|  Number of requests = 96242                              |
|  Average utilization = 0.0156742                         |
+----------------------------------------------------------+

+----------------------------------------------------------+
| STORE WebServers                                         |
+----------------------------------------------------------+
|  Capacity = 6  (0 used, 6 free)                          |
|  Time interval = 0 - 8.64e+07                            |
|  Number of Enter operations = 475083                     |
|  Minimal used capacity = 0                               |
|  Maximal used capacity = 4                               |
|  Average used capacity = 0.0714786                       |
+----------------------------------------------------------+

+----------------------------------------------------------+
| QUEUE Waiting processes                                  |
+----------------------------------------------------------+
|  Time interval = 0 - 8.64e+07                            |
|  Incoming  542                                           |
|  Outcoming  542                                          |
|  Current length = 0                                      |
|  Maximal length = 5                                      |
|  Average length = 4.52151e-05                            |
|  Minimal time = 0.0247976                                |
|  Maximal time = 69.0279                                  |
|  Average time = 7.20772                                  |
|  Standard deviation = 9.95788                            |
+----------------------------------------------------------+

ALL Processes 483847

WEBSITE
WEB processes: 475083
Iteration on web server: 475083
Memcached: 379721
SQL Cache: 32459
SQL DB: 62903
+----------------------------------------------------------+
| HISTOGRAM Time spent on loading website                  |
+----------------------------------------------------------+
| STATISTIC                                                |
+----------------------------------------------------------+
|  Min = 1.00001                 Max = 107.995             |
|  Number of records = 475083                              |
|  Average value = 13.0017                                 |
|  Standard deviation = 7.33946                            |
+----------------------------------------------------------+
|    from    |     to     |     n    |   rel    |   sum    |
+------------+------------+----------+----------+----------+
|      0.000 |     10.000 |   177127 | 0.372834 | 0.372834 |
|     10.000 |     20.000 |   220901 | 0.464973 | 0.837807 |
|     20.000 |     30.000 |    69654 | 0.146614 | 0.984422 |
|     30.000 |     40.000 |     5550 | 0.011682 | 0.996104 |
|     40.000 |     50.000 |      981 | 0.002065 | 0.998169 |
|     50.000 |     60.000 |      380 | 0.000800 | 0.998969 |
|     60.000 |     70.000 |      217 | 0.000457 | 0.999425 |
|     70.000 |     80.000 |      153 | 0.000322 | 0.999747 |
|     80.000 |     90.000 |       94 | 0.000198 | 0.999945 |
|     90.000 |    100.000 |       23 | 0.000048 | 0.999994 |
|    100.000 |    110.000 |        3 | 0.000006 | 1.000000 |
|    110.000 |    120.000 |        0 | 0.000000 | 1.000000 |
|    120.000 |    130.000 |        0 | 0.000000 | 1.000000 |
|    130.000 |    140.000 |        0 | 0.000000 | 1.000000 |
|    140.000 |    150.000 |        0 | 0.000000 | 1.000000 |
|    150.000 |    160.000 |        0 | 0.000000 | 1.000000 |
|    160.000 |    170.000 |        0 | 0.000000 | 1.000000 |
|    170.000 |    180.000 |        0 | 0.000000 | 1.000000 |
|    180.000 |    190.000 |        0 | 0.000000 | 1.000000 |
|    190.000 |    200.000 |        0 | 0.000000 | 1.000000 |
+------------+------------+----------+----------+----------+

SYSTEM PROCESS
SYSTEM processes: 0
Iterations of system processes: 1829479
Disk: 585873
Mem: 1243606
+----------------------------------------------------------+
| HISTOGRAM Time spent on processing system process        |
+----------------------------------------------------------+
| STATISTIC                                                |
+----------------------------------------------------------+
|  Min = 5.52088e-05             Max = 96.6747             |
|  Number of records = 1829479                             |
|  Average value = 5.60557                                 |
|  Standard deviation = 3.3958                             |
+----------------------------------------------------------+
|    from    |     to     |     n    |   rel    |   sum    |
+------------+------------+----------+----------+----------+
|      0.000 |      5.000 |   822859 | 0.449778 | 0.449778 |
|      5.000 |     10.000 |   970944 | 0.530722 | 0.980499 |
|     10.000 |     15.000 |    17358 | 0.009488 | 0.989987 |
|     15.000 |     20.000 |     9239 | 0.005050 | 0.995037 |
|     20.000 |     25.000 |     4896 | 0.002676 | 0.997714 |
|     25.000 |     30.000 |     2058 | 0.001125 | 0.998838 |
|     30.000 |     35.000 |      703 | 0.000384 | 0.999223 |
|     35.000 |     40.000 |      366 | 0.000200 | 0.999423 |
|     40.000 |     45.000 |      269 | 0.000147 | 0.999570 |
|     45.000 |     50.000 |      197 | 0.000108 | 0.999678 |
|     50.000 |     55.000 |      137 | 0.000075 | 0.999752 |
|     55.000 |     60.000 |      135 | 0.000074 | 0.999826 |
|     60.000 |     65.000 |      103 | 0.000056 | 0.999882 |
|     65.000 |     70.000 |       73 | 0.000040 | 0.999922 |
|     70.000 |     75.000 |       81 | 0.000044 | 0.999967 |
|     75.000 |     80.000 |       32 | 0.000017 | 0.999984 |
|     80.000 |     85.000 |       17 | 0.000009 | 0.999993 |
|     85.000 |     90.000 |        9 | 0.000005 | 0.999998 |
|     90.000 |     95.000 |        2 | 0.000001 | 0.999999 |
|     95.000 |    100.000 |        1 | 0.000001 | 1.000000 |
+------------+------------+----------+----------+----------+

USER PROCESS
USER processes: 8764
Iteration of user processes: 8764
DB + Disk: 880
Disk: 7884
+----------------------------------------------------------+
| HISTOGRAM Time spent on processing user process          |
+----------------------------------------------------------+
| STATISTIC                                                |
+----------------------------------------------------------+
|  Min = 2.0013                  Max = 118.484             |
|  Number of records = 8764                                |
|  Average value = 43.1338                                 |
|  Standard deviation = 22.6137                            |
+----------------------------------------------------------+
|    from    |     to     |     n    |   rel    |   sum    |
+------------+------------+----------+----------+----------+
|      0.000 |     40.000 |     3933 | 0.448768 | 0.448768 |
|     40.000 |     80.000 |     4736 | 0.540393 | 0.989160 |
|     80.000 |    120.000 |       95 | 0.010840 | 1.000000 |
|    120.000 |    160.000 |        0 | 0.000000 | 1.000000 |
|    160.000 |    200.000 |        0 | 0.000000 | 1.000000 |
|    200.000 |    240.000 |        0 | 0.000000 | 1.000000 |
|    240.000 |    280.000 |        0 | 0.000000 | 1.000000 |
|    280.000 |    320.000 |        0 | 0.000000 | 1.000000 |
|    320.000 |    360.000 |        0 | 0.000000 | 1.000000 |
|    360.000 |    400.000 |        0 | 0.000000 | 1.000000 |
|    400.000 |    440.000 |        0 | 0.000000 | 1.000000 |
|    440.000 |    480.000 |        0 | 0.000000 | 1.000000 |
|    480.000 |    520.000 |        0 | 0.000000 | 1.000000 |
|    520.000 |    560.000 |        0 | 0.000000 | 1.000000 |
|    560.000 |    600.000 |        0 | 0.000000 | 1.000000 |
|    600.000 |    640.000 |        0 | 0.000000 | 1.000000 |
|    640.000 |    680.000 |        0 | 0.000000 | 1.000000 |
|    680.000 |    720.000 |        0 | 0.000000 | 1.000000 |
|    720.000 |    760.000 |        0 | 0.000000 | 1.000000 |
|    760.000 |    800.000 |        0 | 0.000000 | 1.000000 |
+------------+------------+----------+----------+----------+

Total processes: 2313326
