Processor 0
+----------------------------------------------------------+
| FACILITY                                                 |
+----------------------------------------------------------+
|  Status = not BUSY                                       |
|  Time interval = 0 - 8.64e+07                            |
|  Number of requests = 53                                 |
|  Average utilization = 4.77766e-05                       |
+----------------------------------------------------------+

Processor 1
+----------------------------------------------------------+
| FACILITY                                                 |
+----------------------------------------------------------+
|  Status = not BUSY                                       |
|  Time interval = 0 - 8.64e+07                            |
|  Number of requests = 245                                |
|  Average utilization = 0.000210555                       |
+----------------------------------------------------------+

Processor 2
+----------------------------------------------------------+
| FACILITY                                                 |
+----------------------------------------------------------+
|  Status = not BUSY                                       |
|  Time interval = 0 - 8.64e+07                            |
|  Number of requests = 1173                               |
|  Average utilization = 0.00083387                        |
+----------------------------------------------------------+

Processor 3
+----------------------------------------------------------+
| FACILITY                                                 |
+----------------------------------------------------------+
|  Status = not BUSY                                       |
|  Time interval = 0 - 8.64e+07                            |
|  Number of requests = 5599                               |
|  Average utilization = 0.00337556                        |
+----------------------------------------------------------+

Processor 4
+----------------------------------------------------------+
| FACILITY                                                 |
+----------------------------------------------------------+
|  Status = not BUSY                                       |
|  Time interval = 0 - 8.64e+07                            |
|  Number of requests = 27137                              |
|  Average utilization = 0.0124123                         |
+----------------------------------------------------------+

Processor 5
+----------------------------------------------------------+
| FACILITY                                                 |
+----------------------------------------------------------+
|  Status = not BUSY                                       |
|  Time interval = 0 - 8.64e+07                            |
|  Number of requests = 123119                             |
|  Average utilization = 0.0413819                         |
+----------------------------------------------------------+

Processor 6
+----------------------------------------------------------+
| FACILITY                                                 |
+----------------------------------------------------------+
|  Status = BUSY                                           |
|  Time interval = 0 - 8.64e+07                            |
|  Number of requests = 507677                             |
|  Average utilization = 0.120366                          |
+----------------------------------------------------------+

Processor 7
+----------------------------------------------------------+
| FACILITY                                                 |
+----------------------------------------------------------+
|  Status = BUSY                                           |
|  Time interval = 0 - 8.64e+07                            |
|  Number of requests = 1647444                            |
|  Average utilization = 0.283417                          |
+----------------------------------------------------------+

Average utilization of all processors: 0.057756
+----------------------------------------------------------+
| FACILITY Disk                                            |
+----------------------------------------------------------+
|  Status = BUSY                                           |
|  Time interval = 0 - 8.64e+07                            |
|  Number of requests = 1068651                            |
|  Average utilization = 0.296345                          |
+----------------------------------------------------------+
  Input queue 'Disk.Q1'
+----------------------------------------------------------+
| QUEUE Q1                                                 |
+----------------------------------------------------------+
|  Time interval = 0 - 8.64e+07                            |
|  Incoming  332396                                        |
|  Outcoming  332395                                       |
|  Current length = 1                                      |
|  Maximal length = 7                                      |
|  Average length = 0.0865414                              |
|  Minimal time = 7.54893e-05                              |
|  Maximal time = 237.301                                  |
|  Average time = 22.4948                                  |
|  Standard deviation = 19.2436                            |
+----------------------------------------------------------+

+----------------------------------------------------------+
| FACILITY Database system                                 |
+----------------------------------------------------------+
|  Status = not BUSY                                       |
|  Time interval = 0 - 8.64e+07                            |
|  Number of requests = 334359                             |
|  Average utilization = 0.129961                          |
+----------------------------------------------------------+

+----------------------------------------------------------+
| STORE WebServers                                         |
+----------------------------------------------------------+
|  Capacity = 6  (0 used, 6 free)                          |
|  Time interval = 0 - 8.64e+07                            |
|  Number of Enter operations = 475446                     |
|  Minimal used capacity = 0                               |
|  Maximal used capacity = 6                               |
|  Average used capacity = 0.202258                        |
+----------------------------------------------------------+
  Input queue 'WebServers.Q'
+----------------------------------------------------------+
| QUEUE Q                                                  |
+----------------------------------------------------------+
|  Time interval = 0 - 8.64e+07                            |
|  Incoming  3                                             |
|  Outcoming  3                                            |
|  Current length = 0                                      |
|  Maximal length = 1                                      |
|  Average length = 9.02047e-07                            |
|  Minimal time = 1.17222                                  |
|  Maximal time = 64.6902                                  |
|  Average time = 25.9789                                  |
+----------------------------------------------------------+

+----------------------------------------------------------+
| QUEUE Waiting processes                                  |
+----------------------------------------------------------+
|  Time interval = 0 - 8.64e+07                            |
|  Incoming  15                                            |
|  Outcoming  15                                           |
|  Current length = 0                                      |
|  Maximal length = 2                                      |
|  Average length = 1.73455e-06                            |
|  Minimal time = 0.0422892                                |
|  Maximal time = 38.3943                                  |
|  Average time = 9.99102                                  |
+----------------------------------------------------------+

ALL Processes 483988

WEBSITE
WEB processes: 475446
Iteration on web server: 475446
Memcached: 141912
SQL Cache: 114054
SQL DB: 219480
+----------------------------------------------------------+
| HISTOGRAM Time spent on loading website                  |
+----------------------------------------------------------+
| STATISTIC                                                |
+----------------------------------------------------------+
|  Min = 8.0001                  Max = 286.864             |
|  Number of records = 475446                              |
|  Average value = 36.7553                                 |
|  Standard deviation = 20.3914                            |
+----------------------------------------------------------+
|    from    |     to     |     n    |   rel    |   sum    |
+------------+------------+----------+----------+----------+
|      0.000 |     10.000 |    16537 | 0.034782 | 0.034782 |
|     10.000 |     20.000 |    89963 | 0.189218 | 0.224000 |
|     20.000 |     30.000 |    92032 | 0.193570 | 0.417570 |
|     30.000 |     40.000 |    86789 | 0.182542 | 0.600112 |
|     40.000 |     50.000 |    98435 | 0.207037 | 0.807149 |
|     50.000 |     60.000 |    41725 | 0.087760 | 0.894909 |
|     60.000 |     70.000 |    19686 | 0.041405 | 0.936315 |
|     70.000 |     80.000 |    12583 | 0.026466 | 0.962780 |
|     80.000 |     90.000 |     7450 | 0.015669 | 0.978450 |
|     90.000 |    100.000 |     4267 | 0.008975 | 0.987424 |
|    100.000 |    110.000 |     2422 | 0.005094 | 0.992519 |
|    110.000 |    120.000 |     1448 | 0.003046 | 0.995564 |
|    120.000 |    130.000 |      850 | 0.001788 | 0.997352 |
|    130.000 |    140.000 |      539 | 0.001134 | 0.998486 |
|    140.000 |    150.000 |      302 | 0.000635 | 0.999121 |
|    150.000 |    160.000 |      174 | 0.000366 | 0.999487 |
|    160.000 |    170.000 |       95 | 0.000200 | 0.999687 |
|    170.000 |    180.000 |       72 | 0.000151 | 0.999838 |
|    180.000 |    190.000 |       37 | 0.000078 | 0.999916 |
|    190.000 |    200.000 |       13 | 0.000027 | 0.999943 |
+------------+------------+----------+----------+----------+

SYSTEM PROCESS
SYSTEM processes: 0
Iterations of system processes: 1828459
Disk: 584662
Mem: 1243795
+----------------------------------------------------------+
| HISTOGRAM Time spent on processing system process        |
+----------------------------------------------------------+
| STATISTIC                                                |
+----------------------------------------------------------+
|  Min = 1.00001                 Max = 250.506             |
|  Number of records = 1828457                             |
|  Average value = 12.0444                                 |
|  Standard deviation = 13.4329                            |
+----------------------------------------------------------+
|    from    |     to     |     n    |   rel    |   sum    |
+------------+------------+----------+----------+----------+
|      0.000 |      5.000 |   553577 | 0.302756 | 0.302756 |
|      5.000 |     10.000 |   752907 | 0.411772 | 0.714528 |
|     10.000 |     15.000 |    82496 | 0.045118 | 0.759646 |
|     15.000 |     20.000 |    87391 | 0.047795 | 0.807441 |
|     20.000 |     25.000 |    91543 | 0.050066 | 0.857507 |
|     25.000 |     30.000 |    95263 | 0.052100 | 0.909607 |
|     30.000 |     35.000 |    67486 | 0.036909 | 0.946516 |
|     35.000 |     40.000 |    20006 | 0.010941 | 0.957457 |
|     40.000 |     45.000 |    17275 | 0.009448 | 0.966905 |
|     45.000 |     50.000 |    14272 | 0.007805 | 0.974710 |
|     50.000 |     55.000 |    11285 | 0.006172 | 0.980882 |
|     55.000 |     60.000 |     8881 | 0.004857 | 0.985739 |
|     60.000 |     65.000 |     6590 | 0.003604 | 0.989343 |
|     65.000 |     70.000 |     4886 | 0.002672 | 0.992016 |
|     70.000 |     75.000 |     3631 | 0.001986 | 0.994001 |
|     75.000 |     80.000 |     2681 | 0.001466 | 0.995468 |
|     80.000 |     85.000 |     1967 | 0.001076 | 0.996544 |
|     85.000 |     90.000 |     1549 | 0.000847 | 0.997391 |
|     90.000 |     95.000 |     1108 | 0.000606 | 0.997997 |
|     95.000 |    100.000 |      871 | 0.000476 | 0.998473 |
+------------+------------+----------+----------+----------+

USER PROCESS
USER processes: 8542
Iteration of user processes: 8542
DB + Disk: 825
Disk: 7717
+----------------------------------------------------------+
| HISTOGRAM Time spent on processing user process          |
+----------------------------------------------------------+
| STATISTIC                                                |
+----------------------------------------------------------+
|  Min = 9.00476                 Max = 222.335             |
|  Number of records = 8542                                |
|  Average value = 49.5153                                 |
|  Standard deviation = 24.7197                            |
+----------------------------------------------------------+
|    from    |     to     |     n    |   rel    |   sum    |
+------------+------------+----------+----------+----------+
|      0.000 |     40.000 |     3332 | 0.390073 | 0.390073 |
|     40.000 |     80.000 |     4500 | 0.526809 | 0.916881 |
|     80.000 |    120.000 |      639 | 0.074807 | 0.991688 |
|    120.000 |    160.000 |       62 | 0.007258 | 0.998946 |
|    160.000 |    200.000 |        8 | 0.000937 | 0.999883 |
|    200.000 |    240.000 |        1 | 0.000117 | 1.000000 |
|    240.000 |    280.000 |        0 | 0.000000 | 1.000000 |
|    280.000 |    320.000 |        0 | 0.000000 | 1.000000 |
|    320.000 |    360.000 |        0 | 0.000000 | 1.000000 |
|    360.000 |    400.000 |        0 | 0.000000 | 1.000000 |
|    400.000 |    440.000 |        0 | 0.000000 | 1.000000 |
|    440.000 |    480.000 |        0 | 0.000000 | 1.000000 |
|    480.000 |    520.000 |        0 | 0.000000 | 1.000000 |
|    520.000 |    560.000 |        0 | 0.000000 | 1.000000 |
|    560.000 |    600.000 |        0 | 0.000000 | 1.000000 |
|    600.000 |    640.000 |        0 | 0.000000 | 1.000000 |
|    640.000 |    680.000 |        0 | 0.000000 | 1.000000 |
|    680.000 |    720.000 |        0 | 0.000000 | 1.000000 |
|    720.000 |    760.000 |        0 | 0.000000 | 1.000000 |
|    760.000 |    800.000 |        0 | 0.000000 | 1.000000 |
+------------+------------+----------+----------+----------+

Total processes: 2312447
