Processor 0
+----------------------------------------------------------+
| FACILITY                                                 |
+----------------------------------------------------------+
|  Status = not BUSY                                       |
+----------------------------------------------------------+

Processor 1
+----------------------------------------------------------+
| FACILITY                                                 |
+----------------------------------------------------------+
|  Status = not BUSY                                       |
|  Time interval = 0 - 8.64e+07                            |
|  Number of requests = 4                                  |
|  Average utilization = 5.81547e-07                       |
+----------------------------------------------------------+

Processor 2
+----------------------------------------------------------+
| FACILITY                                                 |
+----------------------------------------------------------+
|  Status = not BUSY                                       |
|  Time interval = 0 - 8.64e+07                            |
|  Number of requests = 39                                 |
|  Average utilization = 1.27887e-05                       |
+----------------------------------------------------------+

Processor 3
+----------------------------------------------------------+
| FACILITY                                                 |
+----------------------------------------------------------+
|  Status = not BUSY                                       |
|  Time interval = 0 - 8.64e+07                            |
|  Number of requests = 378                                |
|  Average utilization = 9.45784e-05                       |
+----------------------------------------------------------+

Processor 4
+----------------------------------------------------------+
| FACILITY                                                 |
+----------------------------------------------------------+
|  Status = not BUSY                                       |
|  Time interval = 0 - 8.64e+07                            |
|  Number of requests = 3719                               |
|  Average utilization = 0.000684113                       |
+----------------------------------------------------------+

Processor 5
+----------------------------------------------------------+
| FACILITY                                                 |
+----------------------------------------------------------+
|  Status = not BUSY                                       |
|  Time interval = 0 - 8.64e+07                            |
|  Number of requests = 37100                              |
|  Average utilization = 0.0050313                         |
+----------------------------------------------------------+

Processor 6
+----------------------------------------------------------+
| FACILITY                                                 |
+----------------------------------------------------------+
|  Status = not BUSY                                       |
|  Time interval = 0 - 8.64e+07                            |
|  Number of requests = 320968                             |
|  Average utilization = 0.0327276                         |
+----------------------------------------------------------+

Processor 7
+----------------------------------------------------------+
| FACILITY                                                 |
+----------------------------------------------------------+
|  Status = not BUSY                                       |
|  Time interval = 0 - 8.64e+07                            |
|  Number of requests = 1948553                            |
|  Average utilization = 0.155608                          |
+----------------------------------------------------------+

Average utilization of all processors: 0.024270
+----------------------------------------------------------+
| FACILITY Disk                                            |
+----------------------------------------------------------+
|  Status = not BUSY                                       |
|  Time interval = 0 - 8.64e+07                            |
|  Number of requests = 1068148                            |
|  Average utilization = 0.104174                          |
+----------------------------------------------------------+
  Input queue 'Disk.Q1'
+----------------------------------------------------------+
| QUEUE Q1                                                 |
+----------------------------------------------------------+
|  Time interval = 0 - 8.64e+07                            |
|  Incoming  117283                                        |
|  Outcoming  117283                                       |
|  Current length = 0                                      |
|  Maximal length = 5                                      |
|  Average length = 0.0108642                              |
|  Minimal time = 8.04812e-05                              |
|  Maximal time = 144.854                                  |
|  Average time = 8.00342                                  |
|  Standard deviation = 8.33419                            |
+----------------------------------------------------------+

+----------------------------------------------------------+
| FACILITY Database system                                 |
+----------------------------------------------------------+
|  Status = not BUSY                                       |
|  Time interval = 0 - 8.64e+07                            |
|  Number of requests = 95989                              |
|  Average utilization = 0.0155818                         |
+----------------------------------------------------------+

+----------------------------------------------------------+
| STORE WebServers                                         |
+----------------------------------------------------------+
|  Capacity = 6  (0 used, 6 free)                          |
|  Time interval = 0 - 8.64e+07                            |
|  Number of Enter operations = 474727                     |
|  Minimal used capacity = 0                               |
|  Maximal used capacity = 5                               |
|  Average used capacity = 0.0712588                       |
+----------------------------------------------------------+

+----------------------------------------------------------+
| QUEUE Waiting processes                         not used |
+----------------------------------------------------------+

ALL Processes 483332

WEBSITE
WEB processes: 474727
Iteration on web server: 474727
Memcached: 379622
SQL Cache: 32517
SQL DB: 62588
+----------------------------------------------------------+
| HISTOGRAM Time spent on loading website                  |
+----------------------------------------------------------+
| STATISTIC                                                |
+----------------------------------------------------------+
|  Min = 1.00004                 Max = 152.141             |
|  Number of records = 474727                              |
|  Average value = 12.9691                                 |
|  Standard deviation = 7.30451                            |
+----------------------------------------------------------+
|    from    |     to     |     n    |   rel    |   sum    |
+------------+------------+----------+----------+----------+
|      0.000 |     10.000 |   177386 | 0.373659 | 0.373659 |
|     10.000 |     20.000 |   221252 | 0.466062 | 0.839721 |
|     20.000 |     30.000 |    68876 | 0.145085 | 0.984806 |
|     30.000 |     40.000 |     5439 | 0.011457 | 0.996263 |
|     40.000 |     50.000 |      969 | 0.002041 | 0.998304 |
|     50.000 |     60.000 |      377 | 0.000794 | 0.999098 |
|     60.000 |     70.000 |      192 | 0.000404 | 0.999503 |
|     70.000 |     80.000 |      143 | 0.000301 | 0.999804 |
|     80.000 |     90.000 |       64 | 0.000135 | 0.999939 |
|     90.000 |    100.000 |       24 | 0.000051 | 0.999989 |
|    100.000 |    110.000 |        3 | 0.000006 | 0.999996 |
|    110.000 |    120.000 |        0 | 0.000000 | 0.999996 |
|    120.000 |    130.000 |        0 | 0.000000 | 0.999996 |
|    130.000 |    140.000 |        1 | 0.000002 | 0.999998 |
|    140.000 |    150.000 |        0 | 0.000000 | 0.999998 |
|    150.000 |    160.000 |        1 | 0.000002 | 1.000000 |
|    160.000 |    170.000 |        0 | 0.000000 | 1.000000 |
|    170.000 |    180.000 |        0 | 0.000000 | 1.000000 |
|    180.000 |    190.000 |        0 | 0.000000 | 1.000000 |
|    190.000 |    200.000 |        0 | 0.000000 | 1.000000 |
+------------+------------+----------+----------+----------+

SYSTEM PROCESS
SYSTEM processes: 0
Iterations of system processes: 1827429
Disk: 584816
Mem: 1242613
+----------------------------------------------------------+
| HISTOGRAM Time spent on processing system process        |
+----------------------------------------------------------+
| STATISTIC                                                |
+----------------------------------------------------------+
|  Min = 5.73695e-06             Max = 154.288             |
|  Number of records = 1827429                             |
|  Average value = 5.60781                                 |
|  Standard deviation = 3.39747                            |
+----------------------------------------------------------+
|    from    |     to     |     n    |   rel    |   sum    |
+------------+------------+----------+----------+----------+
|      0.000 |      5.000 |   820470 | 0.448975 | 0.448975 |
|      5.000 |     10.000 |   971834 | 0.531804 | 0.980779 |
|     10.000 |     15.000 |    16927 | 0.009263 | 0.990042 |
|     15.000 |     20.000 |     9322 | 0.005101 | 0.995143 |
|     20.000 |     25.000 |     4842 | 0.002650 | 0.997793 |
|     25.000 |     30.000 |     1962 | 0.001074 | 0.998866 |
|     30.000 |     35.000 |      626 | 0.000343 | 0.999209 |
|     35.000 |     40.000 |      362 | 0.000198 | 0.999407 |
|     40.000 |     45.000 |      274 | 0.000150 | 0.999557 |
|     45.000 |     50.000 |      168 | 0.000092 | 0.999649 |
|     50.000 |     55.000 |      172 | 0.000094 | 0.999743 |
|     55.000 |     60.000 |      139 | 0.000076 | 0.999819 |
|     60.000 |     65.000 |      101 | 0.000055 | 0.999874 |
|     65.000 |     70.000 |       83 | 0.000045 | 0.999920 |
|     70.000 |     75.000 |       72 | 0.000039 | 0.999959 |
|     75.000 |     80.000 |       36 | 0.000020 | 0.999979 |
|     80.000 |     85.000 |       23 | 0.000013 | 0.999991 |
|     85.000 |     90.000 |        5 | 0.000003 | 0.999994 |
|     90.000 |     95.000 |        7 | 0.000004 | 0.999998 |
|     95.000 |    100.000 |        0 | 0.000000 | 0.999998 |
+------------+------------+----------+----------+----------+

USER PROCESS
USER processes: 8605
Iteration of user processes: 8605
DB + Disk: 884
Disk: 7721
+----------------------------------------------------------+
| HISTOGRAM Time spent on processing user process          |
+----------------------------------------------------------+
| STATISTIC                                                |
+----------------------------------------------------------+
|  Min = 2.00171                 Max = 120.339             |
|  Number of records = 8605                                |
|  Average value = 43.0796                                 |
|  Standard deviation = 22.7513                            |
+----------------------------------------------------------+
|    from    |     to     |     n    |   rel    |   sum    |
+------------+------------+----------+----------+----------+
|      0.000 |     40.000 |     3873 | 0.450087 | 0.450087 |
|     40.000 |     80.000 |     4659 | 0.541429 | 0.991517 |
|     80.000 |    120.000 |       71 | 0.008251 | 0.999768 |
|    120.000 |    160.000 |        2 | 0.000232 | 1.000000 |
|    160.000 |    200.000 |        0 | 0.000000 | 1.000000 |
|    200.000 |    240.000 |        0 | 0.000000 | 1.000000 |
|    240.000 |    280.000 |        0 | 0.000000 | 1.000000 |
|    280.000 |    320.000 |        0 | 0.000000 | 1.000000 |
|    320.000 |    360.000 |        0 | 0.000000 | 1.000000 |
|    360.000 |    400.000 |        0 | 0.000000 | 1.000000 |
|    400.000 |    440.000 |        0 | 0.000000 | 1.000000 |
|    440.000 |    480.000 |        0 | 0.000000 | 1.000000 |
|    480.000 |    520.000 |        0 | 0.000000 | 1.000000 |
|    520.000 |    560.000 |        0 | 0.000000 | 1.000000 |
|    560.000 |    600.000 |        0 | 0.000000 | 1.000000 |
|    600.000 |    640.000 |        0 | 0.000000 | 1.000000 |
|    640.000 |    680.000 |        0 | 0.000000 | 1.000000 |
|    680.000 |    720.000 |        0 | 0.000000 | 1.000000 |
|    720.000 |    760.000 |        0 | 0.000000 | 1.000000 |
|    760.000 |    800.000 |        0 | 0.000000 | 1.000000 |
+------------+------------+----------+----------+----------+

Total processes: 2310761
