Processor 0
+----------------------------------------------------------+
| FACILITY                                                 |
+----------------------------------------------------------+
|  Status = not BUSY                                       |
|  Time interval = 0 - 8.64e+07                            |
|  Number of requests = 70618                              |
|  Average utilization = 0.0485289                         |
+----------------------------------------------------------+

Processor 1
+----------------------------------------------------------+
| FACILITY                                                 |
+----------------------------------------------------------+
|  Status = not BUSY                                       |
|  Time interval = 0 - 8.64e+07                            |
|  Number of requests = 202901                             |
|  Average utilization = 0.103514                          |
+----------------------------------------------------------+

Processor 2
+----------------------------------------------------------+
| FACILITY                                                 |
+----------------------------------------------------------+
|  Status = not BUSY                                       |
|  Time interval = 0 - 8.64e+07                            |
|  Number of requests = 584533                             |
|  Average utilization = 0.210341                          |
+----------------------------------------------------------+

Processor 3
+----------------------------------------------------------+
| FACILITY                                                 |
+----------------------------------------------------------+
|  Status = not BUSY                                       |
|  Time interval = 0 - 8.64e+07                            |
|  Number of requests = 1452472                            |
|  Average utilization = 0.37241                           |
+----------------------------------------------------------+

Average utilization of all processors: 0.183698
+----------------------------------------------------------+
| FACILITY Disk                                            |
+----------------------------------------------------------+
|  Status = not BUSY                                       |
|  Time interval = 0 - 8.64e+07                            |
|  Number of requests = 1067238                            |
|  Average utilization = 0.434586                          |
+----------------------------------------------------------+
  Input queue 'Disk.Q1'
+----------------------------------------------------------+
| QUEUE Q1                                                 |
+----------------------------------------------------------+
|  Time interval = 0 - 8.64e+07                            |
|  Incoming  484981                                        |
|  Outcoming  484981                                       |
|  Current length = 0                                      |
|  Maximal length = 3                                      |
|  Average length = 0.221097                               |
|  Minimal time = 5.44414e-05                              |
|  Maximal time = 199.927                                  |
|  Average time = 39.3887                                  |
|  Standard deviation = 31.6582                            |
+----------------------------------------------------------+

+----------------------------------------------------------+
| FACILITY Database system                                 |
+----------------------------------------------------------+
|  Status = not BUSY                                       |
|  Time interval = 0 - 8.64e+07                            |
|  Number of requests = 333686                             |
|  Average utilization = 0.18227                           |
+----------------------------------------------------------+

+----------------------------------------------------------+
| STORE WebServers                                         |
+----------------------------------------------------------+
|  Capacity = 6  (0 used, 6 free)                          |
|  Time interval = 0 - 8.64e+07                            |
|  Number of Enter operations = 474417                     |
|  Minimal used capacity = 0                               |
|  Maximal used capacity = 4                               |
|  Average used capacity = 0.331506                        |
+----------------------------------------------------------+

+----------------------------------------------------------+
| QUEUE Waiting processes                                  |
+----------------------------------------------------------+
|  Time interval = 0 - 8.64e+07                            |
|  Incoming  53167                                         |
|  Outcoming  53167                                        |
|  Current length = 0                                      |
|  Maximal length = 19                                     |
|  Average length = 0.0216456                              |
|  Minimal time = 0.000307545                              |
|  Maximal time = 389.697                                  |
|  Average time = 35.1755                                  |
|  Standard deviation = 40.3779                            |
+----------------------------------------------------------+

ALL Processes 483116

WEBSITE
WEB processes: 474417
Iteration on web server: 474417
Memcached: 141588
SQL Cache: 113477
SQL DB: 219352
+----------------------------------------------------------+
| HISTOGRAM Time spent on loading website                  |
+----------------------------------------------------------+
| STATISTIC                                                |
+----------------------------------------------------------+
|  Min = 15.0001                 Max = 511.443             |
|  Number of records = 474417                              |
|  Average value = 61.4328                                 |
|  Standard deviation = 38.7245                            |
+----------------------------------------------------------+
|    from    |     to     |     n    |   rel    |   sum    |
+------------+------------+----------+----------+----------+
|      0.000 |     10.000 |        0 | 0.000000 | 0.000000 |
|     10.000 |     20.000 |    32313 | 0.068111 | 0.068111 |
|     20.000 |     30.000 |    72658 | 0.153152 | 0.221263 |
|     30.000 |     40.000 |    55631 | 0.117262 | 0.338525 |
|     40.000 |     50.000 |    29935 | 0.063098 | 0.401623 |
|     50.000 |     60.000 |    76061 | 0.160325 | 0.561949 |
|     60.000 |     70.000 |    75780 | 0.159733 | 0.721682 |
|     70.000 |     80.000 |    27786 | 0.058569 | 0.780250 |
|     80.000 |     90.000 |    23457 | 0.049444 | 0.829694 |
|     90.000 |    100.000 |    18827 | 0.039684 | 0.869379 |
|    100.000 |    110.000 |    14807 | 0.031211 | 0.900590 |
|    110.000 |    120.000 |    11364 | 0.023954 | 0.924543 |
|    120.000 |    130.000 |     8357 | 0.017615 | 0.942158 |
|    130.000 |    140.000 |     6290 | 0.013258 | 0.955417 |
|    140.000 |    150.000 |     4935 | 0.010402 | 0.965819 |
|    150.000 |    160.000 |     3658 | 0.007711 | 0.973530 |
|    160.000 |    170.000 |     2903 | 0.006119 | 0.979649 |
|    170.000 |    180.000 |     2196 | 0.004629 | 0.984278 |
|    180.000 |    190.000 |     1637 | 0.003451 | 0.987728 |
|    190.000 |    200.000 |     1315 | 0.002772 | 0.990500 |
+------------+------------+----------+----------+----------+

SYSTEM PROCESS
SYSTEM processes: 0
Iterations of system processes: 1827408
Disk: 584122
Mem: 1243286
+----------------------------------------------------------+
| HISTOGRAM Time spent on processing system process        |
+----------------------------------------------------------+
| STATISTIC                                                |
+----------------------------------------------------------+
|  Min = 1.00011                 Max = 533.043             |
|  Number of records = 1827408                             |
|  Average value = 19.5224                                 |
|  Standard deviation = 27.6985                            |
+----------------------------------------------------------+
|    from    |     to     |     n    |   rel    |   sum    |
+------------+------------+----------+----------+----------+
|      0.000 |      5.000 |   542171 | 0.296689 | 0.296689 |
|      5.000 |     10.000 |   679315 | 0.371737 | 0.668425 |
|     10.000 |     15.000 |    30879 | 0.016898 | 0.685323 |
|     15.000 |     20.000 |    49631 | 0.027159 | 0.712482 |
|     20.000 |     25.000 |    52852 | 0.028922 | 0.741404 |
|     25.000 |     30.000 |    55393 | 0.030312 | 0.771717 |
|     30.000 |     35.000 |    58323 | 0.031916 | 0.803632 |
|     35.000 |     40.000 |    60699 | 0.033216 | 0.836848 |
|     40.000 |     45.000 |    63071 | 0.034514 | 0.871362 |
|     45.000 |     50.000 |    56407 | 0.030867 | 0.902229 |
|     50.000 |     55.000 |    20652 | 0.011301 | 0.913531 |
|     55.000 |     60.000 |    19476 | 0.010658 | 0.924188 |
|     60.000 |     65.000 |    17803 | 0.009742 | 0.933930 |
|     65.000 |     70.000 |    15982 | 0.008746 | 0.942676 |
|     70.000 |     75.000 |    14093 | 0.007712 | 0.950388 |
|     75.000 |     80.000 |    12419 | 0.006796 | 0.957184 |
|     80.000 |     85.000 |    10932 | 0.005982 | 0.963166 |
|     85.000 |     90.000 |     9220 | 0.005045 | 0.968212 |
|     90.000 |     95.000 |     7952 | 0.004352 | 0.972563 |
|     95.000 |    100.000 |     6789 | 0.003715 | 0.976278 |
+------------+------------+----------+----------+----------+

USER PROCESS
USER processes: 8699
Iteration of user processes: 8699
DB + Disk: 857
Disk: 7842
+----------------------------------------------------------+
| HISTOGRAM Time spent on processing user process          |
+----------------------------------------------------------+
| STATISTIC                                                |
+----------------------------------------------------------+
|  Min = 13.0481                 Max = 364.433             |
|  Number of records = 8699                                |
|  Average value = 61.6309                                 |
|  Standard deviation = 36.8197                            |
+----------------------------------------------------------+
|    from    |     to     |     n    |   rel    |   sum    |
+------------+------------+----------+----------+----------+
|      0.000 |     40.000 |     2674 | 0.307392 | 0.307392 |
|     40.000 |     80.000 |     4234 | 0.486723 | 0.794114 |
|     80.000 |    120.000 |     1213 | 0.139441 | 0.933556 |
|    120.000 |    160.000 |      393 | 0.045178 | 0.978733 |
|    160.000 |    200.000 |      117 | 0.013450 | 0.992183 |
|    200.000 |    240.000 |       39 | 0.004483 | 0.996666 |
|    240.000 |    280.000 |       20 | 0.002299 | 0.998965 |
|    280.000 |    320.000 |        4 | 0.000460 | 0.999425 |
|    320.000 |    360.000 |        3 | 0.000345 | 0.999770 |
|    360.000 |    400.000 |        2 | 0.000230 | 1.000000 |
|    400.000 |    440.000 |        0 | 0.000000 | 1.000000 |
|    440.000 |    480.000 |        0 | 0.000000 | 1.000000 |
|    480.000 |    520.000 |        0 | 0.000000 | 1.000000 |
|    520.000 |    560.000 |        0 | 0.000000 | 1.000000 |
|    560.000 |    600.000 |        0 | 0.000000 | 1.000000 |
|    600.000 |    640.000 |        0 | 0.000000 | 1.000000 |
|    640.000 |    680.000 |        0 | 0.000000 | 1.000000 |
|    680.000 |    720.000 |        0 | 0.000000 | 1.000000 |
|    720.000 |    760.000 |        0 | 0.000000 | 1.000000 |
|    760.000 |    800.000 |        0 | 0.000000 | 1.000000 |
+------------+------------+----------+----------+----------+

Total processes: 2310524
