Processor 0
+----------------------------------------------------------+
| FACILITY                                                 |
+----------------------------------------------------------+
|  Status = not BUSY                                       |
|  Time interval = 0 - 8.64e+07                            |
|  Number of requests = 3                                  |
|  Average utilization = 1.7078e-06                        |
+----------------------------------------------------------+

Processor 1
+----------------------------------------------------------+
| FACILITY                                                 |
+----------------------------------------------------------+
|  Status = not BUSY                                       |
|  Time interval = 0 - 8.64e+07                            |
|  Number of requests = 11                                 |
|  Average utilization = 4.27315e-06                       |
+----------------------------------------------------------+

Processor 2
+----------------------------------------------------------+
| FACILITY                                                 |
+----------------------------------------------------------+
|  Status = not BUSY                                       |
|  Time interval = 0 - 8.64e+07                            |
|  Number of requests = 57                                 |
|  Average utilization = 1.90695e-05                       |
+----------------------------------------------------------+

Processor 3
+----------------------------------------------------------+
| FACILITY                                                 |
+----------------------------------------------------------+
|  Status = not BUSY                                       |
|  Time interval = 0 - 8.64e+07                            |
|  Number of requests = 457                                |
|  Average utilization = 0.000115314                       |
+----------------------------------------------------------+

Processor 4
+----------------------------------------------------------+
| FACILITY                                                 |
+----------------------------------------------------------+
|  Status = not BUSY                                       |
|  Time interval = 0 - 8.64e+07                            |
|  Number of requests = 4239                               |
|  Average utilization = 0.000817131                       |
+----------------------------------------------------------+

Processor 5
+----------------------------------------------------------+
| FACILITY                                                 |
+----------------------------------------------------------+
|  Status = not BUSY                                       |
|  Time interval = 0 - 8.64e+07                            |
|  Number of requests = 40248                              |
|  Average utilization = 0.0058134                         |
+----------------------------------------------------------+

Processor 6
+----------------------------------------------------------+
| FACILITY                                                 |
+----------------------------------------------------------+
|  Status = not BUSY                                       |
|  Time interval = 0 - 8.64e+07                            |
|  Number of requests = 330883                             |
|  Average utilization = 0.0354788                         |
+----------------------------------------------------------+

Processor 7
+----------------------------------------------------------+
| FACILITY                                                 |
+----------------------------------------------------------+
|  Status = not BUSY                                       |
|  Time interval = 0 - 8.64e+07                            |
|  Number of requests = 1935954                            |
|  Average utilization = 0.160866                          |
+----------------------------------------------------------+

Average utilization of all processors: 0.025389
+----------------------------------------------------------+
| FACILITY Disk                                            |
+----------------------------------------------------------+
|  Status = not BUSY                                       |
|  Time interval = 0 - 8.64e+07                            |
|  Number of requests = 1069673                            |
|  Average utilization = 0.111592                          |
+----------------------------------------------------------+
  Input queue 'Disk.Q1'
+----------------------------------------------------------+
| QUEUE Q1                                                 |
+----------------------------------------------------------+
|  Time interval = 0 - 8.64e+07                            |
|  Incoming  125934                                        |
|  Outcoming  125934                                       |
|  Current length = 0                                      |
|  Maximal length = 7                                      |
|  Average length = 0.0124437                              |
|  Minimal time = 0.000244565                              |
|  Maximal time = 113.414                                  |
|  Average time = 8.5373                                   |
|  Standard deviation = 8.48887                            |
+----------------------------------------------------------+

+----------------------------------------------------------+
| FACILITY Database system                                 |
+----------------------------------------------------------+
|  Status = not BUSY                                       |
|  Time interval = 0 - 8.64e+07                            |
|  Number of requests = 333173                             |
|  Average utilization = 0.054464                          |
+----------------------------------------------------------+

+----------------------------------------------------------+
| STORE WebServers                                         |
+----------------------------------------------------------+
|  Capacity = 6  (0 used, 6 free)                          |
|  Time interval = 0 - 8.64e+07                            |
|  Number of Enter operations = 474842                     |
|  Minimal used capacity = 0                               |
|  Maximal used capacity = 6                               |
|  Average used capacity = 0.0793695                       |
+----------------------------------------------------------+

+----------------------------------------------------------+
| QUEUE Waiting processes                         not used |
+----------------------------------------------------------+

ALL Processes 483528

WEBSITE
WEB processes: 474842
Iteration on web server: 474842
Memcached: 142493
SQL Cache: 113031
SQL DB: 219318
+----------------------------------------------------------+
| HISTOGRAM Time spent on loading website                  |
+----------------------------------------------------------+
| STATISTIC                                                |
+----------------------------------------------------------+
|  Min = 1.00002                 Max = 115.234             |
|  Number of records = 474842                              |
|  Average value = 14.4417                                 |
|  Standard deviation = 7.59261                            |
+----------------------------------------------------------+
|    from    |     to     |     n    |   rel    |   sum    |
+------------+------------+----------+----------+----------+
|      0.000 |     10.000 |   147757 | 0.311171 | 0.311171 |
|     10.000 |     20.000 |   218191 | 0.459502 | 0.770673 |
|     20.000 |     30.000 |    98119 | 0.206635 | 0.977308 |
|     30.000 |     40.000 |     8122 | 0.017105 | 0.994413 |
|     40.000 |     50.000 |     1702 | 0.003584 | 0.997997 |
|     50.000 |     60.000 |      457 | 0.000962 | 0.998960 |
|     60.000 |     70.000 |      248 | 0.000522 | 0.999482 |
|     70.000 |     80.000 |      151 | 0.000318 | 0.999800 |
|     80.000 |     90.000 |       70 | 0.000147 | 0.999947 |
|     90.000 |    100.000 |       21 | 0.000044 | 0.999992 |
|    100.000 |    110.000 |        3 | 0.000006 | 0.999998 |
|    110.000 |    120.000 |        1 | 0.000002 | 1.000000 |
|    120.000 |    130.000 |        0 | 0.000000 | 1.000000 |
|    130.000 |    140.000 |        0 | 0.000000 | 1.000000 |
|    140.000 |    150.000 |        0 | 0.000000 | 1.000000 |
|    150.000 |    160.000 |        0 | 0.000000 | 1.000000 |
|    160.000 |    170.000 |        0 | 0.000000 | 1.000000 |
|    170.000 |    180.000 |        0 | 0.000000 | 1.000000 |
|    180.000 |    190.000 |        0 | 0.000000 | 1.000000 |
|    190.000 |    200.000 |        0 | 0.000000 | 1.000000 |
+------------+------------+----------+----------+----------+

SYSTEM PROCESS
SYSTEM processes: 0
Iterations of system processes: 1828324
Disk: 586145
Mem: 1242179
+----------------------------------------------------------+
| HISTOGRAM Time spent on processing system process        |
+----------------------------------------------------------+
| STATISTIC                                                |
+----------------------------------------------------------+
|  Min = 1.0211e-05              Max = 117.039             |
|  Number of records = 1828324                             |
|  Average value = 5.64188                                 |
|  Standard deviation = 3.49164                            |
+----------------------------------------------------------+
|    from    |     to     |     n    |   rel    |   sum    |
+------------+------------+----------+----------+----------+
|      0.000 |      5.000 |   819724 | 0.448347 | 0.448347 |
|      5.000 |     10.000 |   969431 | 0.530229 | 0.978577 |
|     10.000 |     15.000 |    17836 | 0.009755 | 0.988332 |
|     15.000 |     20.000 |    10129 | 0.005540 | 0.993872 |
|     20.000 |     25.000 |     5935 | 0.003246 | 0.997118 |
|     25.000 |     30.000 |     2667 | 0.001459 | 0.998577 |
|     30.000 |     35.000 |      993 | 0.000543 | 0.999120 |
|     35.000 |     40.000 |      446 | 0.000244 | 0.999364 |
|     40.000 |     45.000 |      297 | 0.000162 | 0.999526 |
|     45.000 |     50.000 |      204 | 0.000112 | 0.999638 |
|     50.000 |     55.000 |      167 | 0.000091 | 0.999729 |
|     55.000 |     60.000 |      153 | 0.000084 | 0.999813 |
|     60.000 |     65.000 |      126 | 0.000069 | 0.999882 |
|     65.000 |     70.000 |       85 | 0.000046 | 0.999928 |
|     70.000 |     75.000 |       63 | 0.000034 | 0.999963 |
|     75.000 |     80.000 |       42 | 0.000023 | 0.999986 |
|     80.000 |     85.000 |       16 | 0.000009 | 0.999995 |
|     85.000 |     90.000 |        7 | 0.000004 | 0.999998 |
|     90.000 |     95.000 |        2 | 0.000001 | 0.999999 |
|     95.000 |    100.000 |        0 | 0.000000 | 0.999999 |
+------------+------------+----------+----------+----------+

USER PROCESS
USER processes: 8686
Iteration of user processes: 8686
DB + Disk: 824
Disk: 7862
+----------------------------------------------------------+
| HISTOGRAM Time spent on processing user process          |
+----------------------------------------------------------+
| STATISTIC                                                |
+----------------------------------------------------------+
|  Min = 2.01352                 Max = 122.157             |
|  Number of records = 8686                                |
|  Average value = 43.3421                                 |
|  Standard deviation = 22.5786                            |
+----------------------------------------------------------+
|    from    |     to     |     n    |   rel    |   sum    |
+------------+------------+----------+----------+----------+
|      0.000 |     40.000 |     3897 | 0.448653 | 0.448653 |
|     40.000 |     80.000 |     4675 | 0.538222 | 0.986875 |
|     80.000 |    120.000 |      112 | 0.012894 | 0.999770 |
|    120.000 |    160.000 |        2 | 0.000230 | 1.000000 |
|    160.000 |    200.000 |        0 | 0.000000 | 1.000000 |
|    200.000 |    240.000 |        0 | 0.000000 | 1.000000 |
|    240.000 |    280.000 |        0 | 0.000000 | 1.000000 |
|    280.000 |    320.000 |        0 | 0.000000 | 1.000000 |
|    320.000 |    360.000 |        0 | 0.000000 | 1.000000 |
|    360.000 |    400.000 |        0 | 0.000000 | 1.000000 |
|    400.000 |    440.000 |        0 | 0.000000 | 1.000000 |
|    440.000 |    480.000 |        0 | 0.000000 | 1.000000 |
|    480.000 |    520.000 |        0 | 0.000000 | 1.000000 |
|    520.000 |    560.000 |        0 | 0.000000 | 1.000000 |
|    560.000 |    600.000 |        0 | 0.000000 | 1.000000 |
|    600.000 |    640.000 |        0 | 0.000000 | 1.000000 |
|    640.000 |    680.000 |        0 | 0.000000 | 1.000000 |
|    680.000 |    720.000 |        0 | 0.000000 | 1.000000 |
|    720.000 |    760.000 |        0 | 0.000000 | 1.000000 |
|    760.000 |    800.000 |        0 | 0.000000 | 1.000000 |
+------------+------------+----------+----------+----------+

Total processes: 2311852
