Processor 0
+----------------------------------------------------------+
| FACILITY                                                 |
+----------------------------------------------------------+
|  Status = not BUSY                                       |
|  Time interval = 0 - 8.64e+07                            |
|  Number of requests = 18683                              |
|  Average utilization = 0.00722774                        |
+----------------------------------------------------------+

Processor 1
+----------------------------------------------------------+
| FACILITY                                                 |
+----------------------------------------------------------+
|  Status = not BUSY                                       |
|  Time interval = 0 - 8.64e+07                            |
|  Number of requests = 100420                             |
|  Average utilization = 0.0283003                         |
+----------------------------------------------------------+

Processor 2
+----------------------------------------------------------+
| FACILITY                                                 |
+----------------------------------------------------------+
|  Status = not BUSY                                       |
|  Time interval = 0 - 8.64e+07                            |
|  Number of requests = 481484                             |
|  Average utilization = 0.0973528                         |
+----------------------------------------------------------+

Processor 3
+----------------------------------------------------------+
| FACILITY                                                 |
+----------------------------------------------------------+
|  Status = not BUSY                                       |
|  Time interval = 0 - 8.64e+07                            |
|  Number of requests = 1712427                            |
|  Average utilization = 0.25759                           |
+----------------------------------------------------------+

Average utilization of all processors: 0.097618
+----------------------------------------------------------+
| FACILITY Disk                                            |
+----------------------------------------------------------+
|  Status = not BUSY                                       |
|  Time interval = 0 - 8.64e+07                            |
|  Number of requests = 1069580                            |
|  Average utilization = 0.254877                          |
+----------------------------------------------------------+
  Input queue 'Disk.Q1'
+----------------------------------------------------------+
| QUEUE Q1                                                 |
+----------------------------------------------------------+
|  Time interval = 0 - 8.64e+07                            |
|  Incoming  284136                                        |
|  Outcoming  284136                                       |
|  Current length = 0                                      |
|  Maximal length = 3                                      |
|  Average length = 0.0564366                              |
|  Minimal time = 1.50278e-05                              |
|  Maximal time = 141.77                                   |
|  Average time = 17.1612                                  |
|  Standard deviation = 14.0898                            |
+----------------------------------------------------------+

+----------------------------------------------------------+
| FACILITY Database system                                 |
+----------------------------------------------------------+
|  Status = not BUSY                                       |
|  Time interval = 0 - 8.64e+07                            |
|  Number of requests = 95979                              |
|  Average utilization = 0.0371987                         |
+----------------------------------------------------------+

+----------------------------------------------------------+
| STORE WebServers                                         |
+----------------------------------------------------------+
|  Capacity = 6  (0 used, 6 free)                          |
|  Time interval = 0 - 8.64e+07                            |
|  Number of Enter operations = 475099                     |
|  Minimal used capacity = 0                               |
|  Maximal used capacity = 4                               |
|  Average used capacity = 0.145281                        |
+----------------------------------------------------------+

+----------------------------------------------------------+
| QUEUE Waiting processes                                  |
+----------------------------------------------------------+
|  Time interval = 0 - 8.64e+07                            |
|  Incoming  5087                                          |
|  Outcoming  5087                                         |
|  Current length = 0                                      |
|  Maximal length = 7                                      |
|  Average length = 0.000643029                            |
|  Minimal time = 0.00157535                               |
|  Maximal time = 103.173                                  |
|  Average time = 10.9215                                  |
|  Standard deviation = 13.0637                            |
+----------------------------------------------------------+

ALL Processes 483820

WEBSITE
WEB processes: 475099
Iteration on web server: 475099
Memcached: 380009
SQL Cache: 32446
SQL DB: 62644
+----------------------------------------------------------+
| HISTOGRAM Time spent on loading website                  |
+----------------------------------------------------------+
| STATISTIC                                                |
+----------------------------------------------------------+
|  Min = 8.00017                 Max = 193.791             |
|  Number of records = 475099                              |
|  Average value = 26.4506                                 |
|  Standard deviation = 14.8704                            |
+----------------------------------------------------------+
|    from    |     to     |     n    |   rel    |   sum    |
+------------+------------+----------+----------+----------+
|      0.000 |     10.000 |    28865 | 0.060756 | 0.060756 |
|     10.000 |     20.000 |   155510 | 0.327321 | 0.388077 |
|     20.000 |     30.000 |   158609 | 0.333844 | 0.721921 |
|     30.000 |     40.000 |    52618 | 0.110752 | 0.832673 |
|     40.000 |     50.000 |    44513 | 0.093692 | 0.926365 |
|     50.000 |     60.000 |    19019 | 0.040032 | 0.966396 |
|     60.000 |     70.000 |     8105 | 0.017060 | 0.983456 |
|     70.000 |     80.000 |     4074 | 0.008575 | 0.992031 |
|     80.000 |     90.000 |     1928 | 0.004058 | 0.996089 |
|     90.000 |    100.000 |      942 | 0.001983 | 0.998072 |
|    100.000 |    110.000 |      460 | 0.000968 | 0.999040 |
|    110.000 |    120.000 |      227 | 0.000478 | 0.999518 |
|    120.000 |    130.000 |      116 | 0.000244 | 0.999762 |
|    130.000 |    140.000 |       52 | 0.000109 | 0.999872 |
|    140.000 |    150.000 |       26 | 0.000055 | 0.999926 |
|    150.000 |    160.000 |       19 | 0.000040 | 0.999966 |
|    160.000 |    170.000 |        8 | 0.000017 | 0.999983 |
|    170.000 |    180.000 |        4 | 0.000008 | 0.999992 |
|    180.000 |    190.000 |        3 | 0.000006 | 0.999998 |
|    190.000 |    200.000 |        1 | 0.000002 | 1.000000 |
+------------+------------+----------+----------+----------+

SYSTEM PROCESS
SYSTEM processes: 0
Iterations of system processes: 1829194
Disk: 585760
Mem: 1243434
+----------------------------------------------------------+
| HISTOGRAM Time spent on processing system process        |
+----------------------------------------------------------+
| STATISTIC                                                |
+----------------------------------------------------------+
|  Min = 1                       Max = 212.11              |
|  Number of records = 1829194                             |
|  Average value = 11.375                                  |
|  Standard deviation = 11.4425                            |
+----------------------------------------------------------+
|    from    |     to     |     n    |   rel    |   sum    |
+------------+------------+----------+----------+----------+
|      0.000 |      5.000 |   551739 | 0.301630 | 0.301630 |
|      5.000 |     10.000 |   756793 | 0.413730 | 0.715360 |
|     10.000 |     15.000 |    88239 | 0.048239 | 0.763599 |
|     15.000 |     20.000 |    92628 | 0.050639 | 0.814238 |
|     20.000 |     25.000 |    96907 | 0.052978 | 0.867216 |
|     25.000 |     30.000 |   101059 | 0.055248 | 0.922464 |
|     30.000 |     35.000 |    70522 | 0.038554 | 0.961017 |
|     35.000 |     40.000 |    19615 | 0.010723 | 0.971741 |
|     40.000 |     45.000 |    15286 | 0.008357 | 0.980097 |
|     45.000 |     50.000 |    11408 | 0.006237 | 0.986334 |
|     50.000 |     55.000 |     7856 | 0.004295 | 0.990629 |
|     55.000 |     60.000 |     5395 | 0.002949 | 0.993578 |
|     60.000 |     65.000 |     3658 | 0.002000 | 0.995578 |
|     65.000 |     70.000 |     2475 | 0.001353 | 0.996931 |
|     70.000 |     75.000 |     1791 | 0.000979 | 0.997910 |
|     75.000 |     80.000 |     1166 | 0.000637 | 0.998547 |
|     80.000 |     85.000 |      805 | 0.000440 | 0.998988 |
|     85.000 |     90.000 |      568 | 0.000311 | 0.999298 |
|     90.000 |     95.000 |      394 | 0.000215 | 0.999513 |
|     95.000 |    100.000 |      269 | 0.000147 | 0.999661 |
+------------+------------+----------+----------+----------+

USER PROCESS
USER processes: 8721
Iteration of user processes: 8721
DB + Disk: 889
Disk: 7832
+----------------------------------------------------------+
| HISTOGRAM Time spent on processing user process          |
+----------------------------------------------------------+
| STATISTIC                                                |
+----------------------------------------------------------+
|  Min = 9.0305                  Max = 198.284             |
|  Number of records = 8721                                |
|  Average value = 47.9849                                 |
|  Standard deviation = 23.302                             |
+----------------------------------------------------------+
|    from    |     to     |     n    |   rel    |   sum    |
+------------+------------+----------+----------+----------+
|      0.000 |     40.000 |     3499 | 0.401215 | 0.401215 |
|     40.000 |     80.000 |     4692 | 0.538012 | 0.939227 |
|     80.000 |    120.000 |      495 | 0.056760 | 0.995987 |
|    120.000 |    160.000 |       33 | 0.003784 | 0.999771 |
|    160.000 |    200.000 |        2 | 0.000229 | 1.000000 |
|    200.000 |    240.000 |        0 | 0.000000 | 1.000000 |
|    240.000 |    280.000 |        0 | 0.000000 | 1.000000 |
|    280.000 |    320.000 |        0 | 0.000000 | 1.000000 |
|    320.000 |    360.000 |        0 | 0.000000 | 1.000000 |
|    360.000 |    400.000 |        0 | 0.000000 | 1.000000 |
|    400.000 |    440.000 |        0 | 0.000000 | 1.000000 |
|    440.000 |    480.000 |        0 | 0.000000 | 1.000000 |
|    480.000 |    520.000 |        0 | 0.000000 | 1.000000 |
|    520.000 |    560.000 |        0 | 0.000000 | 1.000000 |
|    560.000 |    600.000 |        0 | 0.000000 | 1.000000 |
|    600.000 |    640.000 |        0 | 0.000000 | 1.000000 |
|    640.000 |    680.000 |        0 | 0.000000 | 1.000000 |
|    680.000 |    720.000 |        0 | 0.000000 | 1.000000 |
|    720.000 |    760.000 |        0 | 0.000000 | 1.000000 |
|    760.000 |    800.000 |        0 | 0.000000 | 1.000000 |
+------------+------------+----------+----------+----------+

Total processes: 2313014
