Processor 0
+----------------------------------------------------------+
| FACILITY                                                 |
+----------------------------------------------------------+
|  Status = not BUSY                                       |
|  Time interval = 0 - 8.64e+07                            |
|  Number of requests = 14                                 |
|  Average utilization = 1.58248e-05                       |
+----------------------------------------------------------+

Processor 1
+----------------------------------------------------------+
| FACILITY                                                 |
+----------------------------------------------------------+
|  Status = not BUSY                                       |
|  Time interval = 0 - 8.64e+07                            |
|  Number of requests = 103                                |
|  Average utilization = 8.11104e-05                       |
+----------------------------------------------------------+

Processor 2
+----------------------------------------------------------+
| FACILITY                                                 |
+----------------------------------------------------------+
|  Status = not BUSY                                       |
|  Time interval = 0 - 8.64e+07                            |
|  Number of requests = 505                                |
|  Average utilization = 0.000290609                       |
+----------------------------------------------------------+

Processor 3
+----------------------------------------------------------+
| FACILITY                                                 |
+----------------------------------------------------------+
|  Status = not BUSY                                       |
|  Time interval = 0 - 8.64e+07                            |
|  Number of requests = 2853                               |
|  Average utilization = 0.00140224                        |
+----------------------------------------------------------+

Processor 4
+----------------------------------------------------------+
| FACILITY                                                 |
+----------------------------------------------------------+
|  Status = not BUSY                                       |
|  Time interval = 0 - 8.64e+07                            |
|  Number of requests = 17508                              |
|  Average utilization = 0.00665565                        |
+----------------------------------------------------------+

Processor 5
+----------------------------------------------------------+
| FACILITY                                                 |
+----------------------------------------------------------+
|  Status = not BUSY                                       |
|  Time interval = 0 - 8.64e+07                            |
|  Number of requests = 99615                              |
|  Average utilization = 0.0277538                         |
+----------------------------------------------------------+

Processor 6
+----------------------------------------------------------+
| FACILITY                                                 |
+----------------------------------------------------------+
|  Status = not BUSY                                       |
|  Time interval = 0 - 8.64e+07                            |
|  Number of requests = 479374                             |
|  Average utilization = 0.0967458                         |
+----------------------------------------------------------+

Processor 7
+----------------------------------------------------------+
| FACILITY                                                 |
+----------------------------------------------------------+
|  Status = not BUSY                                       |
|  Time interval = 0 - 8.64e+07                            |
|  Number of requests = 1710881                            |
|  Average utilization = 0.256992                          |
+----------------------------------------------------------+

Average utilization of all processors: 0.048742
+----------------------------------------------------------+
| FACILITY Disk                                            |
+----------------------------------------------------------+
|  Status = not BUSY                                       |
|  Time interval = 0 - 8.64e+07                            |
|  Number of requests = 1067694                            |
|  Average utilization = 0.254546                          |
+----------------------------------------------------------+
  Input queue 'Disk.Q1'
+----------------------------------------------------------+
| QUEUE Q1                                                 |
+----------------------------------------------------------+
|  Time interval = 0 - 8.64e+07                            |
|  Incoming  283228                                        |
|  Outcoming  283228                                       |
|  Current length = 0                                      |
|  Maximal length = 7                                      |
|  Average length = 0.0562631                              |
|  Minimal time = 1.91182e-05                              |
|  Maximal time = 182.63                                   |
|  Average time = 17.1633                                  |
|  Standard deviation = 14.3541                            |
+----------------------------------------------------------+

+----------------------------------------------------------+
| FACILITY Database system                                 |
+----------------------------------------------------------+
|  Status = not BUSY                                       |
|  Time interval = 0 - 8.64e+07                            |
|  Number of requests = 95948                              |
|  Average utilization = 0.0372114                         |
+----------------------------------------------------------+

+----------------------------------------------------------+
| STORE WebServers                                         |
+----------------------------------------------------------+
|  Capacity = 6  (0 used, 6 free)                          |
|  Time interval = 0 - 8.64e+07                            |
|  Number of Enter operations = 473764                     |
|  Minimal used capacity = 0                               |
|  Maximal used capacity = 6                               |
|  Average used capacity = 0.144769                        |
+----------------------------------------------------------+

+----------------------------------------------------------+
| QUEUE Waiting processes                                  |
+----------------------------------------------------------+
|  Time interval = 0 - 8.64e+07                            |
|  Incoming  5                                             |
|  Outcoming  5                                            |
|  Current length = 0                                      |
|  Maximal length = 2                                      |
|  Average length = 8.20077e-07                            |
|  Minimal time = 7.8728                                   |
|  Maximal time = 33.4953                                  |
|  Average time = 14.1709                                  |
+----------------------------------------------------------+

ALL Processes 482423

WEBSITE
WEB processes: 473764
Iteration on web server: 473764
Memcached: 378671
SQL Cache: 32477
SQL DB: 62616
+----------------------------------------------------------+
| HISTOGRAM Time spent on loading website                  |
+----------------------------------------------------------+
| STATISTIC                                                |
+----------------------------------------------------------+
|  Min = 8.00002                 Max = 191.182             |
|  Number of records = 473764                              |
|  Average value = 26.4015                                 |
|  Standard deviation = 14.7824                            |
+----------------------------------------------------------+
|    from    |     to     |     n    |   rel    |   sum    |
+------------+------------+----------+----------+----------+
|      0.000 |     10.000 |    28482 | 0.060119 | 0.060119 |
|     10.000 |     20.000 |   155239 | 0.327672 | 0.387790 |
|     20.000 |     30.000 |   158760 | 0.335104 | 0.722894 |
|     30.000 |     40.000 |    52614 | 0.111055 | 0.833949 |
|     40.000 |     50.000 |    44524 | 0.093979 | 0.927928 |
|     50.000 |     60.000 |    18719 | 0.039511 | 0.967439 |
|     60.000 |     70.000 |     7777 | 0.016415 | 0.983855 |
|     70.000 |     80.000 |     3847 | 0.008120 | 0.991975 |
|     80.000 |     90.000 |     1960 | 0.004137 | 0.996112 |
|     90.000 |    100.000 |      960 | 0.002026 | 0.998138 |
|    100.000 |    110.000 |      436 | 0.000920 | 0.999059 |
|    110.000 |    120.000 |      228 | 0.000481 | 0.999540 |
|    120.000 |    130.000 |      117 | 0.000247 | 0.999787 |
|    130.000 |    140.000 |       50 | 0.000106 | 0.999892 |
|    140.000 |    150.000 |       22 | 0.000046 | 0.999939 |
|    150.000 |    160.000 |       17 | 0.000036 | 0.999975 |
|    160.000 |    170.000 |        8 | 0.000017 | 0.999992 |
|    170.000 |    180.000 |        2 | 0.000004 | 0.999996 |
|    180.000 |    190.000 |        1 | 0.000002 | 0.999998 |
|    190.000 |    200.000 |        1 | 0.000002 | 1.000000 |
+------------+------------+----------+----------+----------+

SYSTEM PROCESS
SYSTEM processes: 0
Iterations of system processes: 1828430
Disk: 585271
Mem: 1243159
+----------------------------------------------------------+
| HISTOGRAM Time spent on processing system process        |
+----------------------------------------------------------+
| STATISTIC                                                |
+----------------------------------------------------------+
|  Min = 1.00001                 Max = 197.376             |
|  Number of records = 1828430                             |
|  Average value = 11.3591                                 |
|  Standard deviation = 11.4289                            |
+----------------------------------------------------------+
|    from    |     to     |     n    |   rel    |   sum    |
+------------+------------+----------+----------+----------+
|      0.000 |      5.000 |   552963 | 0.302425 | 0.302425 |
|      5.000 |     10.000 |   756339 | 0.413655 | 0.716080 |
|     10.000 |     15.000 |    87696 | 0.047962 | 0.764042 |
|     15.000 |     20.000 |    92639 | 0.050666 | 0.814708 |
|     20.000 |     25.000 |    96815 | 0.052950 | 0.867658 |
|     25.000 |     30.000 |   100834 | 0.055148 | 0.922806 |
|     30.000 |     35.000 |    70004 | 0.038286 | 0.961092 |
|     35.000 |     40.000 |    19263 | 0.010535 | 0.971628 |
|     40.000 |     45.000 |    15460 | 0.008455 | 0.980083 |
|     45.000 |     50.000 |    11396 | 0.006233 | 0.986316 |
|     50.000 |     55.000 |     8124 | 0.004443 | 0.990759 |
|     55.000 |     60.000 |     5286 | 0.002891 | 0.993650 |
|     60.000 |     65.000 |     3548 | 0.001940 | 0.995590 |
|     65.000 |     70.000 |     2466 | 0.001349 | 0.996939 |
|     70.000 |     75.000 |     1799 | 0.000984 | 0.997923 |
|     75.000 |     80.000 |     1189 | 0.000650 | 0.998573 |
|     80.000 |     85.000 |      798 | 0.000436 | 0.999010 |
|     85.000 |     90.000 |      536 | 0.000293 | 0.999303 |
|     90.000 |     95.000 |      399 | 0.000218 | 0.999521 |
|     95.000 |    100.000 |      269 | 0.000147 | 0.999668 |
+------------+------------+----------+----------+----------+

USER PROCESS
USER processes: 8659
Iteration of user processes: 8659
DB + Disk: 855
Disk: 7804
+----------------------------------------------------------+
| HISTOGRAM Time spent on processing user process          |
+----------------------------------------------------------+
| STATISTIC                                                |
+----------------------------------------------------------+
|  Min = 9.01033                 Max = 157.878             |
|  Number of records = 8659                                |
|  Average value = 47.7235                                 |
|  Standard deviation = 23.0207                            |
+----------------------------------------------------------+
|    from    |     to     |     n    |   rel    |   sum    |
+------------+------------+----------+----------+----------+
|      0.000 |     40.000 |     3544 | 0.409285 | 0.409285 |
|     40.000 |     80.000 |     4596 | 0.530777 | 0.940062 |
|     80.000 |    120.000 |      490 | 0.056589 | 0.996651 |
|    120.000 |    160.000 |       29 | 0.003349 | 1.000000 |
|    160.000 |    200.000 |        0 | 0.000000 | 1.000000 |
|    200.000 |    240.000 |        0 | 0.000000 | 1.000000 |
|    240.000 |    280.000 |        0 | 0.000000 | 1.000000 |
|    280.000 |    320.000 |        0 | 0.000000 | 1.000000 |
|    320.000 |    360.000 |        0 | 0.000000 | 1.000000 |
|    360.000 |    400.000 |        0 | 0.000000 | 1.000000 |
|    400.000 |    440.000 |        0 | 0.000000 | 1.000000 |
|    440.000 |    480.000 |        0 | 0.000000 | 1.000000 |
|    480.000 |    520.000 |        0 | 0.000000 | 1.000000 |
|    520.000 |    560.000 |        0 | 0.000000 | 1.000000 |
|    560.000 |    600.000 |        0 | 0.000000 | 1.000000 |
|    600.000 |    640.000 |        0 | 0.000000 | 1.000000 |
|    640.000 |    680.000 |        0 | 0.000000 | 1.000000 |
|    680.000 |    720.000 |        0 | 0.000000 | 1.000000 |
|    720.000 |    760.000 |        0 | 0.000000 | 1.000000 |
|    760.000 |    800.000 |        0 | 0.000000 | 1.000000 |
+------------+------------+----------+----------+----------+

Total processes: 2310853
