Processor 0
+----------------------------------------------------------+
| FACILITY                                                 |
+----------------------------------------------------------+
|  Status = not BUSY                                       |
|  Time interval = 0 - 8.64e+07                            |
|  Number of requests = 998                                |
|  Average utilization = 0.00156125                        |
+----------------------------------------------------------+

Processor 1
+----------------------------------------------------------+
| FACILITY                                                 |
+----------------------------------------------------------+
|  Status = not BUSY                                       |
|  Time interval = 0 - 8.64e+07                            |
|  Number of requests = 2445                               |
|  Average utilization = 0.00337615                        |
+----------------------------------------------------------+

Processor 2
+----------------------------------------------------------+
| FACILITY                                                 |
+----------------------------------------------------------+
|  Status = not BUSY                                       |
|  Time interval = 0 - 8.64e+07                            |
|  Number of requests = 6925                               |
|  Average utilization = 0.00790897                        |
+----------------------------------------------------------+

Processor 3
+----------------------------------------------------------+
| FACILITY                                                 |
+----------------------------------------------------------+
|  Status = not BUSY                                       |
|  Time interval = 0 - 8.64e+07                            |
|  Number of requests = 20166                              |
|  Average utilization = 0.0188002                         |
+----------------------------------------------------------+

Processor 4
+----------------------------------------------------------+
| FACILITY                                                 |
+----------------------------------------------------------+
|  Status = not BUSY                                       |
|  Time interval = 0 - 8.64e+07                            |
|  Number of requests = 61820                              |
|  Average utilization = 0.0434362                         |
+----------------------------------------------------------+

Processor 5
+----------------------------------------------------------+
| FACILITY                                                 |
+----------------------------------------------------------+
|  Status = not BUSY                                       |
|  Time interval = 0 - 8.64e+07                            |
|  Number of requests = 194116                             |
|  Average utilization = 0.0986665                         |
+----------------------------------------------------------+

Processor 6
+----------------------------------------------------------+
| FACILITY                                                 |
+----------------------------------------------------------+
|  Status = not BUSY                                       |
|  Time interval = 0 - 8.64e+07                            |
|  Number of requests = 578318                             |
|  Average utilization = 0.205346                          |
+----------------------------------------------------------+

Processor 7
+----------------------------------------------------------+
| FACILITY                                                 |
+----------------------------------------------------------+
|  Status = not BUSY                                       |
|  Time interval = 0 - 8.64e+07                            |
|  Number of requests = 1445659                            |
|  Average utilization = 0.36879                           |
+----------------------------------------------------------+

Average utilization of all processors: 0.093486
+----------------------------------------------------------+
| FACILITY Disk                                            |
+----------------------------------------------------------+
|  Status = not BUSY                                       |
|  Time interval = 0 - 8.64e+07                            |
|  Number of requests = 1068399                            |
|  Average utilization = 0.434678                          |
+----------------------------------------------------------+
  Input queue 'Disk.Q1'
+----------------------------------------------------------+
| QUEUE Q1                                                 |
+----------------------------------------------------------+
|  Time interval = 0 - 8.64e+07                            |
|  Incoming  486151                                        |
|  Outcoming  486151                                       |
|  Current length = 0                                      |
|  Maximal length = 7                                      |
|  Average length = 0.234122                               |
|  Minimal time = 0.000100166                              |
|  Maximal time = 383.604                                  |
|  Average time = 41.6087                                  |
|  Standard deviation = 37.7039                            |
+----------------------------------------------------------+

+----------------------------------------------------------+
| FACILITY Database system                                 |
+----------------------------------------------------------+
|  Status = not BUSY                                       |
|  Time interval = 0 - 8.64e+07                            |
|  Number of requests = 332701                             |
|  Average utilization = 0.181739                          |
+----------------------------------------------------------+

+----------------------------------------------------------+
| STORE WebServers                                         |
+----------------------------------------------------------+
|  Capacity = 6  (0 used, 6 free)                          |
|  Time interval = 0 - 8.64e+07                            |
|  Number of Enter operations = 474057                     |
|  Minimal used capacity = 0                               |
|  Maximal used capacity = 6                               |
|  Average used capacity = 0.338113                        |
+----------------------------------------------------------+
  Input queue 'WebServers.Q'
+----------------------------------------------------------+
| QUEUE Q                                                  |
+----------------------------------------------------------+
|  Time interval = 0 - 8.64e+07                            |
|  Incoming  99                                            |
|  Outcoming  99                                           |
|  Current length = 0                                      |
|  Maximal length = 2                                      |
|  Average length = 4.2282e-05                             |
|  Minimal time = 1.48266                                  |
|  Maximal time = 114.507                                  |
|  Average time = 36.9007                                  |
+----------------------------------------------------------+

+----------------------------------------------------------+
| QUEUE Waiting processes                                  |
+----------------------------------------------------------+
|  Time interval = 0 - 8.64e+07                            |
|  Incoming  1011                                          |
|  Outcoming  1011                                         |
|  Current length = 0                                      |
|  Maximal length = 7                                      |
|  Average length = 0.000410129                            |
|  Minimal time = 0.0031881                                |
|  Maximal time = 182.578                                  |
|  Average time = 35.0496                                  |
|  Standard deviation = 36.0032                            |
+----------------------------------------------------------+

ALL Processes 482773

WEBSITE
WEB processes: 474057
Iteration on web server: 474057
Memcached: 142171
SQL Cache: 112793
SQL DB: 219093
+----------------------------------------------------------+
| HISTOGRAM Time spent on loading website                  |
+----------------------------------------------------------+
| STATISTIC                                                |
+----------------------------------------------------------+
|  Min = 15                      Max = 509.172             |
|  Number of records = 474057                              |
|  Average value = 61.6511                                 |
|  Standard deviation = 39.073                             |
+----------------------------------------------------------+
|    from    |     to     |     n    |   rel    |   sum    |
+------------+------------+----------+----------+----------+
|      0.000 |     10.000 |        0 | 0.000000 | 0.000000 |
|     10.000 |     20.000 |    32677 | 0.068931 | 0.068931 |
|     20.000 |     30.000 |    71998 | 0.151876 | 0.220807 |
|     30.000 |     40.000 |    55312 | 0.116678 | 0.337485 |
|     40.000 |     50.000 |    30081 | 0.063454 | 0.400939 |
|     50.000 |     60.000 |    76095 | 0.160519 | 0.561458 |
|     60.000 |     70.000 |    75461 | 0.159181 | 0.720639 |
|     70.000 |     80.000 |    27716 | 0.058466 | 0.779105 |
|     80.000 |     90.000 |    23520 | 0.049614 | 0.828719 |
|     90.000 |    100.000 |    18611 | 0.039259 | 0.867978 |
|    100.000 |    110.000 |    14671 | 0.030948 | 0.898926 |
|    110.000 |    120.000 |    11367 | 0.023978 | 0.922904 |
|    120.000 |    130.000 |     8459 | 0.017844 | 0.940748 |
|    130.000 |    140.000 |     6290 | 0.013268 | 0.954016 |
|    140.000 |    150.000 |     4923 | 0.010385 | 0.964401 |
|    150.000 |    160.000 |     3738 | 0.007885 | 0.972286 |
|    160.000 |    170.000 |     2948 | 0.006219 | 0.978505 |
|    170.000 |    180.000 |     2191 | 0.004622 | 0.983127 |
|    180.000 |    190.000 |     1759 | 0.003711 | 0.986837 |
|    190.000 |    200.000 |     1402 | 0.002957 | 0.989794 |
+------------+------------+----------+----------+----------+

SYSTEM PROCESS
SYSTEM processes: 0
Iterations of system processes: 1827674
Disk: 585626
Mem: 1242048
+----------------------------------------------------------+
| HISTOGRAM Time spent on processing system process        |
+----------------------------------------------------------+
| STATISTIC                                                |
+----------------------------------------------------------+
|  Min = 1                       Max = 501.395             |
|  Number of records = 1827674                             |
|  Average value = 19.0867                                 |
|  Standard deviation = 27.3143                            |
+----------------------------------------------------------+
|    from    |     to     |     n    |   rel    |   sum    |
+------------+------------+----------+----------+----------+
|      0.000 |      5.000 |   552220 | 0.302144 | 0.302144 |
|      5.000 |     10.000 |   689436 | 0.377220 | 0.679364 |
|     10.000 |     15.000 |    27358 | 0.014969 | 0.694333 |
|     15.000 |     20.000 |    48447 | 0.026507 | 0.720840 |
|     20.000 |     25.000 |    50800 | 0.027795 | 0.748635 |
|     25.000 |     30.000 |    53527 | 0.029287 | 0.777922 |
|     30.000 |     35.000 |    56562 | 0.030948 | 0.808870 |
|     35.000 |     40.000 |    59647 | 0.032635 | 0.841505 |
|     40.000 |     45.000 |    62256 | 0.034063 | 0.875568 |
|     45.000 |     50.000 |    55478 | 0.030354 | 0.905923 |
|     50.000 |     55.000 |    19516 | 0.010678 | 0.916601 |
|     55.000 |     60.000 |    18486 | 0.010114 | 0.926715 |
|     60.000 |     65.000 |    17018 | 0.009311 | 0.936026 |
|     65.000 |     70.000 |    15504 | 0.008483 | 0.944509 |
|     70.000 |     75.000 |    13723 | 0.007508 | 0.952018 |
|     75.000 |     80.000 |    11970 | 0.006549 | 0.958567 |
|     80.000 |     85.000 |    10496 | 0.005743 | 0.964310 |
|     85.000 |     90.000 |     8975 | 0.004911 | 0.969220 |
|     90.000 |     95.000 |     7674 | 0.004199 | 0.973419 |
|     95.000 |    100.000 |     6679 | 0.003654 | 0.977074 |
+------------+------------+----------+----------+----------+

USER PROCESS
USER processes: 8716
Iteration of user processes: 8716
DB + Disk: 815
Disk: 7901
+----------------------------------------------------------+
| HISTOGRAM Time spent on processing user process          |
+----------------------------------------------------------+
| STATISTIC                                                |
+----------------------------------------------------------+
|  Min = 13.0214                 Max = 369.55              |
|  Number of records = 8716                                |
|  Average value = 62.2306                                 |
|  Standard deviation = 37.5764                            |
+----------------------------------------------------------+
|    from    |     to     |     n    |   rel    |   sum    |
+------------+------------+----------+----------+----------+
|      0.000 |     40.000 |     2656 | 0.304727 | 0.304727 |
|     40.000 |     80.000 |     4216 | 0.483708 | 0.788435 |
|     80.000 |    120.000 |     1233 | 0.141464 | 0.929899 |
|    120.000 |    160.000 |      396 | 0.045434 | 0.975333 |
|    160.000 |    200.000 |      144 | 0.016521 | 0.991854 |
|    200.000 |    240.000 |       39 | 0.004475 | 0.996329 |
|    240.000 |    280.000 |       22 | 0.002524 | 0.998853 |
|    280.000 |    320.000 |        6 | 0.000688 | 0.999541 |
|    320.000 |    360.000 |        2 | 0.000229 | 0.999771 |
|    360.000 |    400.000 |        2 | 0.000229 | 1.000000 |
|    400.000 |    440.000 |        0 | 0.000000 | 1.000000 |
|    440.000 |    480.000 |        0 | 0.000000 | 1.000000 |
|    480.000 |    520.000 |        0 | 0.000000 | 1.000000 |
|    520.000 |    560.000 |        0 | 0.000000 | 1.000000 |
|    560.000 |    600.000 |        0 | 0.000000 | 1.000000 |
|    600.000 |    640.000 |        0 | 0.000000 | 1.000000 |
|    640.000 |    680.000 |        0 | 0.000000 | 1.000000 |
|    680.000 |    720.000 |        0 | 0.000000 | 1.000000 |
|    720.000 |    760.000 |        0 | 0.000000 | 1.000000 |
|    760.000 |    800.000 |        0 | 0.000000 | 1.000000 |
+------------+------------+----------+----------+----------+

Total processes: 2310447
