Processor 0
+----------------------------------------------------------+
| FACILITY                                                 |
+----------------------------------------------------------+
|  Status = not BUSY                                       |
|  Time interval = 0 - 8.64e+07                            |
|  Number of requests = 45604                              |
|  Average utilization = 0.0260841                         |
+----------------------------------------------------------+

Processor 1
+----------------------------------------------------------+
| FACILITY                                                 |
+----------------------------------------------------------+
|  Status = BUSY                                           |
|  Time interval = 0 - 8.64e+07                            |
|  Number of requests = 164477                             |
|  Average utilization = 0.0690786                         |
+----------------------------------------------------------+

Processor 2
+----------------------------------------------------------+
| FACILITY                                                 |
+----------------------------------------------------------+
|  Status = BUSY                                           |
|  Time interval = 0 - 8.64e+07                            |
|  Number of requests = 562224                             |
|  Average utilization = 0.166785                          |
+----------------------------------------------------------+

Processor 3
+----------------------------------------------------------+
| FACILITY                                                 |
+----------------------------------------------------------+
|  Status = BUSY                                           |
|  Time interval = 0 - 8.64e+07                            |
|  Number of requests = 1539772                            |
|  Average utilization = 0.333202                          |
+----------------------------------------------------------+

Average utilization of all processors: 0.148787
+----------------------------------------------------------+
| FACILITY Disk                                            |
+----------------------------------------------------------+
|  Status = BUSY                                           |
|  Time interval = 0 - 8.64e+07                            |
|  Number of requests = 1069892                            |
|  Average utilization = 0.375516                          |
+----------------------------------------------------------+
  Input queue 'Disk.Q1'
+----------------------------------------------------------+
| QUEUE Q1                                                 |
+----------------------------------------------------------+
|  Time interval = 0 - 8.64e+07                            |
|  Incoming  417246                                        |
|  Outcoming  417245                                       |
|  Current length = 1                                      |
|  Maximal length = 3                                      |
|  Average length = 0.140552                               |
|  Minimal time = 7.57091e-05                              |
|  Maximal time = 177.564                                  |
|  Average time = 29.1044                                  |
|  Standard deviation = 23.4693                            |
+----------------------------------------------------------+

+----------------------------------------------------------+
| FACILITY Database system                                 |
+----------------------------------------------------------+
|  Status = not BUSY                                       |
|  Time interval = 0 - 8.64e+07                            |
|  Number of requests = 96114                              |
|  Average utilization = 0.0523707                         |
+----------------------------------------------------------+

+----------------------------------------------------------+
| STORE WebServers                                         |
+----------------------------------------------------------+
|  Capacity = 6  (0 used, 6 free)                          |
|  Time interval = 0 - 8.64e+07                            |
|  Number of Enter operations = 475963                     |
|  Minimal used capacity = 0                               |
|  Maximal used capacity = 4                               |
|  Average used capacity = 0.231705                        |
+----------------------------------------------------------+

+----------------------------------------------------------+
| QUEUE Waiting processes                                  |
+----------------------------------------------------------+
|  Time interval = 0 - 8.64e+07                            |
|  Incoming  23722                                         |
|  Outcoming  23722                                        |
|  Current length = 0                                      |
|  Maximal length = 12                                     |
|  Average length = 0.00612243                             |
|  Minimal time = 0.00110397                               |
|  Maximal time = 216.775                                  |
|  Average time = 22.2991                                  |
|  Standard deviation = 25.1046                            |
+----------------------------------------------------------+

ALL Processes 484477

WEBSITE
WEB processes: 475963
Iteration on web server: 475963
Memcached: 380701
SQL Cache: 32379
SQL DB: 62883
+----------------------------------------------------------+
| HISTOGRAM Time spent on loading website                  |
+----------------------------------------------------------+
| STATISTIC                                                |
+----------------------------------------------------------+
|  Min = 15                      Max = 360.028             |
|  Number of records = 475963                              |
|  Average value = 42.3469                                 |
|  Standard deviation = 25.8553                            |
+----------------------------------------------------------+
|    from    |     to     |     n    |   rel    |   sum    |
+------------+------------+----------+----------+----------+
|      0.000 |     10.000 |        0 | 0.000000 | 0.000000 |
|     10.000 |     20.000 |    60034 | 0.126132 | 0.126132 |
|     20.000 |     30.000 |   132405 | 0.278183 | 0.404315 |
|     30.000 |     40.000 |   102909 | 0.216212 | 0.620527 |
|     40.000 |     50.000 |    37886 | 0.079599 | 0.700126 |
|     50.000 |     60.000 |    45995 | 0.096636 | 0.796762 |
|     60.000 |     70.000 |    38892 | 0.081712 | 0.878474 |
|     70.000 |     80.000 |    17892 | 0.037591 | 0.916065 |
|     80.000 |     90.000 |    12880 | 0.027061 | 0.943126 |
|     90.000 |    100.000 |     9052 | 0.019018 | 0.962144 |
|    100.000 |    110.000 |     5816 | 0.012219 | 0.974364 |
|    110.000 |    120.000 |     3922 | 0.008240 | 0.982604 |
|    120.000 |    130.000 |     2608 | 0.005479 | 0.988083 |
|    130.000 |    140.000 |     1804 | 0.003790 | 0.991873 |
|    140.000 |    150.000 |     1278 | 0.002685 | 0.994558 |
|    150.000 |    160.000 |      830 | 0.001744 | 0.996302 |
|    160.000 |    170.000 |      542 | 0.001139 | 0.997441 |
|    170.000 |    180.000 |      396 | 0.000832 | 0.998273 |
|    180.000 |    190.000 |      260 | 0.000546 | 0.998819 |
|    190.000 |    200.000 |      207 | 0.000435 | 0.999254 |
+------------+------------+----------+----------+----------+

SYSTEM PROCESS
SYSTEM processes: 0
Iterations of system processes: 1827600
Disk: 585414
Mem: 1242183
+----------------------------------------------------------+
| HISTOGRAM Time spent on processing system process        |
+----------------------------------------------------------+
| STATISTIC                                                |
+----------------------------------------------------------+
|  Min = 1                       Max = 352.532             |
|  Number of records = 1827597                             |
|  Average value = 17.1381                                 |
|  Standard deviation = 21.5347                            |
+----------------------------------------------------------+
|    from    |     to     |     n    |   rel    |   sum    |
+------------+------------+----------+----------+----------+
|      0.000 |      5.000 |   547657 | 0.299660 | 0.299660 |
|      5.000 |     10.000 |   685425 | 0.375042 | 0.674701 |
|     10.000 |     15.000 |    32117 | 0.017573 | 0.692275 |
|     15.000 |     20.000 |    54445 | 0.029790 | 0.722065 |
|     20.000 |     25.000 |    57467 | 0.031444 | 0.753509 |
|     25.000 |     30.000 |    60189 | 0.032933 | 0.786443 |
|     30.000 |     35.000 |    63664 | 0.034835 | 0.821277 |
|     35.000 |     40.000 |    65933 | 0.036076 | 0.857354 |
|     40.000 |     45.000 |    69183 | 0.037855 | 0.895208 |
|     45.000 |     50.000 |    60807 | 0.033272 | 0.928480 |
|     50.000 |     55.000 |    20596 | 0.011269 | 0.939749 |
|     55.000 |     60.000 |    19140 | 0.010473 | 0.950222 |
|     60.000 |     65.000 |    16577 | 0.009070 | 0.959292 |
|     65.000 |     70.000 |    13905 | 0.007608 | 0.966901 |
|     70.000 |     75.000 |    11336 | 0.006203 | 0.973103 |
|     75.000 |     80.000 |     9510 | 0.005204 | 0.978307 |
|     80.000 |     85.000 |     7472 | 0.004088 | 0.982395 |
|     85.000 |     90.000 |     6221 | 0.003404 | 0.985799 |
|     90.000 |     95.000 |     4924 | 0.002694 | 0.988494 |
|     95.000 |    100.000 |     3860 | 0.002112 | 0.990606 |
+------------+------------+----------+----------+----------+

USER PROCESS
USER processes: 8514
Iteration of user processes: 8514
DB + Disk: 852
Disk: 7662
+----------------------------------------------------------+
| HISTOGRAM Time spent on processing user process          |
+----------------------------------------------------------+
| STATISTIC                                                |
+----------------------------------------------------------+
|  Min = 13.0018                 Max = 339.725             |
|  Number of records = 8514                                |
|  Average value = 55.531                                  |
|  Standard deviation = 28.8479                            |
+----------------------------------------------------------+
|    from    |     to     |     n    |   rel    |   sum    |
+------------+------------+----------+----------+----------+
|      0.000 |     40.000 |     2866 | 0.336622 | 0.336622 |
|     40.000 |     80.000 |     4429 | 0.520202 | 0.856824 |
|     80.000 |    120.000 |      970 | 0.113930 | 0.970754 |
|    120.000 |    160.000 |      200 | 0.023491 | 0.994245 |
|    160.000 |    200.000 |       38 | 0.004463 | 0.998708 |
|    200.000 |    240.000 |        5 | 0.000587 | 0.999295 |
|    240.000 |    280.000 |        4 | 0.000470 | 0.999765 |
|    280.000 |    320.000 |        0 | 0.000000 | 0.999765 |
|    320.000 |    360.000 |        2 | 0.000235 | 1.000000 |
|    360.000 |    400.000 |        0 | 0.000000 | 1.000000 |
|    400.000 |    440.000 |        0 | 0.000000 | 1.000000 |
|    440.000 |    480.000 |        0 | 0.000000 | 1.000000 |
|    480.000 |    520.000 |        0 | 0.000000 | 1.000000 |
|    520.000 |    560.000 |        0 | 0.000000 | 1.000000 |
|    560.000 |    600.000 |        0 | 0.000000 | 1.000000 |
|    600.000 |    640.000 |        0 | 0.000000 | 1.000000 |
|    640.000 |    680.000 |        0 | 0.000000 | 1.000000 |
|    680.000 |    720.000 |        0 | 0.000000 | 1.000000 |
|    720.000 |    760.000 |        0 | 0.000000 | 1.000000 |
|    760.000 |    800.000 |        0 | 0.000000 | 1.000000 |
+------------+------------+----------+----------+----------+

Total processes: 2312077
