Processor 0
+----------------------------------------------------------+
| FACILITY                                                 |
+----------------------------------------------------------+
|  Status = not BUSY                                       |
|  Time interval = 0 - 8.64e+07                            |
|  Number of requests = 29128                              |
|  Average utilization = 0.0133505                         |
+----------------------------------------------------------+

Processor 1
+----------------------------------------------------------+
| FACILITY                                                 |
+----------------------------------------------------------+
|  Status = not BUSY                                       |
|  Time interval = 0 - 8.64e+07                            |
|  Number of requests = 125817                             |
|  Average utilization = 0.0422331                         |
+----------------------------------------------------------+

Processor 2
+----------------------------------------------------------+
| FACILITY                                                 |
+----------------------------------------------------------+
|  Status = not BUSY                                       |
|  Time interval = 0 - 8.64e+07                            |
|  Number of requests = 509425                             |
|  Average utilization = 0.121737                          |
+----------------------------------------------------------+

Processor 3
+----------------------------------------------------------+
| FACILITY                                                 |
+----------------------------------------------------------+
|  Status = not BUSY                                       |
|  Time interval = 0 - 8.64e+07                            |
|  Number of requests = 1648604                            |
|  Average utilization = 0.284295                          |
+----------------------------------------------------------+

Average utilization of all processors: 0.115404
+----------------------------------------------------------+
| FACILITY Disk                                            |
+----------------------------------------------------------+
|  Status = not BUSY                                       |
|  Time interval = 0 - 8.64e+07                            |
|  Number of requests = 1068349                            |
|  Average utilization = 0.296743                          |
+----------------------------------------------------------+
  Input queue 'Disk.Q1'
+----------------------------------------------------------+
| QUEUE Q1                                                 |
+----------------------------------------------------------+
|  Time interval = 0 - 8.64e+07                            |
|  Incoming  332959                                        |
|  Outcoming  332959                                       |
|  Current length = 0                                      |
|  Maximal length = 3                                      |
|  Average length = 0.0857566                              |
|  Minimal time = 0.000116566                              |
|  Maximal time = 184.906                                  |
|  Average time = 22.2531                                  |
|  Standard deviation = 18.431                             |
+----------------------------------------------------------+

+----------------------------------------------------------+
| FACILITY Database system                                 |
+----------------------------------------------------------+
|  Status = not BUSY                                       |
|  Time interval = 0 - 8.64e+07                            |
|  Number of requests = 333713                             |
|  Average utilization = 0.129988                          |
+----------------------------------------------------------+

+----------------------------------------------------------+
| STORE WebServers                                         |
+----------------------------------------------------------+
|  Capacity = 6  (0 used, 6 free)                          |
|  Time interval = 0 - 8.64e+07                            |
|  Number of Enter operations = 474891                     |
|  Minimal used capacity = 0                               |
|  Maximal used capacity = 4                               |
|  Average used capacity = 0.201773                        |
+----------------------------------------------------------+

+----------------------------------------------------------+
| QUEUE Waiting processes                                  |
+----------------------------------------------------------+
|  Time interval = 0 - 8.64e+07                            |
|  Incoming  11020                                         |
|  Outcoming  11020                                        |
|  Current length = 0                                      |
|  Maximal length = 9                                      |
|  Average length = 0.0019238                              |
|  Minimal time = 0.00257881                               |
|  Maximal time = 151.439                                  |
|  Average time = 15.0832                                  |
|  Standard deviation = 17.4408                            |
+----------------------------------------------------------+

ALL Processes 483577

WEBSITE
WEB processes: 474891
Iteration on web server: 474891
Memcached: 142052
SQL Cache: 112908
SQL DB: 219931
+----------------------------------------------------------+
| HISTOGRAM Time spent on loading website                  |
+----------------------------------------------------------+
| STATISTIC                                                |
+----------------------------------------------------------+
|  Min = 8.00018                 Max = 239.758             |
|  Number of records = 474891                              |
|  Average value = 36.8056                                 |
|  Standard deviation = 20.4258                            |
+----------------------------------------------------------+
|    from    |     to     |     n    |   rel    |   sum    |
+------------+------------+----------+----------+----------+
|      0.000 |     10.000 |    16420 | 0.034576 | 0.034576 |
|     10.000 |     20.000 |    89421 | 0.188298 | 0.222874 |
|     20.000 |     30.000 |    91676 | 0.193046 | 0.415921 |
|     30.000 |     40.000 |    87262 | 0.183752 | 0.599672 |
|     40.000 |     50.000 |    98335 | 0.207069 | 0.806741 |
|     50.000 |     60.000 |    41811 | 0.088043 | 0.894784 |
|     60.000 |     70.000 |    19598 | 0.041268 | 0.936053 |
|     70.000 |     80.000 |    12628 | 0.026591 | 0.962644 |
|     80.000 |     90.000 |     7415 | 0.015614 | 0.978258 |
|     90.000 |    100.000 |     4257 | 0.008964 | 0.987222 |
|    100.000 |    110.000 |     2466 | 0.005193 | 0.992415 |
|    110.000 |    120.000 |     1445 | 0.003043 | 0.995458 |
|    120.000 |    130.000 |      861 | 0.001813 | 0.997271 |
|    130.000 |    140.000 |      509 | 0.001072 | 0.998343 |
|    140.000 |    150.000 |      305 | 0.000642 | 0.998985 |
|    150.000 |    160.000 |      204 | 0.000430 | 0.999415 |
|    160.000 |    170.000 |      128 | 0.000270 | 0.999684 |
|    170.000 |    180.000 |       63 | 0.000133 | 0.999817 |
|    180.000 |    190.000 |       34 | 0.000072 | 0.999888 |
|    190.000 |    200.000 |       19 | 0.000040 | 0.999928 |
+------------+------------+----------+----------+----------+

SYSTEM PROCESS
SYSTEM processes: 0
Iterations of system processes: 1829397
Disk: 584772
Mem: 1244625
+----------------------------------------------------------+
| HISTOGRAM Time spent on processing system process        |
+----------------------------------------------------------+
| STATISTIC                                                |
+----------------------------------------------------------+
|  Min = 1.00012                 Max = 241.036             |
|  Number of records = 1829397                             |
|  Average value = 12.0995                                 |
|  Standard deviation = 13.503                             |
+----------------------------------------------------------+
|    from    |     to     |     n    |   rel    |   sum    |
+------------+------------+----------+----------+----------+
|      0.000 |      5.000 |   552757 | 0.302153 | 0.302153 |
|      5.000 |     10.000 |   750032 | 0.409989 | 0.712141 |
|     10.000 |     15.000 |    83703 | 0.045754 | 0.757896 |
|     15.000 |     20.000 |    87838 | 0.048015 | 0.805910 |
|     20.000 |     25.000 |    91654 | 0.050101 | 0.856011 |
|     25.000 |     30.000 |    95540 | 0.052225 | 0.908236 |
|     30.000 |     35.000 |    68638 | 0.037519 | 0.945755 |
|     35.000 |     40.000 |    20770 | 0.011353 | 0.957109 |
|     40.000 |     45.000 |    17439 | 0.009533 | 0.966641 |
|     45.000 |     50.000 |    14419 | 0.007882 | 0.974523 |
|     50.000 |     55.000 |    11422 | 0.006244 | 0.980767 |
|     55.000 |     60.000 |     8906 | 0.004868 | 0.985635 |
|     60.000 |     65.000 |     6507 | 0.003557 | 0.989192 |
|     65.000 |     70.000 |     5007 | 0.002737 | 0.991929 |
|     70.000 |     75.000 |     3712 | 0.002029 | 0.993958 |
|     75.000 |     80.000 |     2671 | 0.001460 | 0.995418 |
|     80.000 |     85.000 |     1926 | 0.001053 | 0.996471 |
|     85.000 |     90.000 |     1537 | 0.000840 | 0.997311 |
|     90.000 |     95.000 |     1107 | 0.000605 | 0.997916 |
|     95.000 |    100.000 |      877 | 0.000479 | 0.998396 |
+------------+------------+----------+----------+----------+

USER PROCESS
USER processes: 8686
Iteration of user processes: 8686
DB + Disk: 874
Disk: 7812
+----------------------------------------------------------+
| HISTOGRAM Time spent on processing user process          |
+----------------------------------------------------------+
| STATISTIC                                                |
+----------------------------------------------------------+
|  Min = 9.00284                 Max = 207.072             |
|  Number of records = 8686                                |
|  Average value = 50.2328                                 |
|  Standard deviation = 25.3714                            |
+----------------------------------------------------------+
|    from    |     to     |     n    |   rel    |   sum    |
+------------+------------+----------+----------+----------+
|      0.000 |     40.000 |     3329 | 0.383260 | 0.383260 |
|     40.000 |     80.000 |     4599 | 0.529473 | 0.912733 |
|     80.000 |    120.000 |      657 | 0.075639 | 0.988372 |
|    120.000 |    160.000 |       93 | 0.010707 | 0.999079 |
|    160.000 |    200.000 |        5 | 0.000576 | 0.999655 |
|    200.000 |    240.000 |        3 | 0.000345 | 1.000000 |
|    240.000 |    280.000 |        0 | 0.000000 | 1.000000 |
|    280.000 |    320.000 |        0 | 0.000000 | 1.000000 |
|    320.000 |    360.000 |        0 | 0.000000 | 1.000000 |
|    360.000 |    400.000 |        0 | 0.000000 | 1.000000 |
|    400.000 |    440.000 |        0 | 0.000000 | 1.000000 |
|    440.000 |    480.000 |        0 | 0.000000 | 1.000000 |
|    480.000 |    520.000 |        0 | 0.000000 | 1.000000 |
|    520.000 |    560.000 |        0 | 0.000000 | 1.000000 |
|    560.000 |    600.000 |        0 | 0.000000 | 1.000000 |
|    600.000 |    640.000 |        0 | 0.000000 | 1.000000 |
|    640.000 |    680.000 |        0 | 0.000000 | 1.000000 |
|    680.000 |    720.000 |        0 | 0.000000 | 1.000000 |
|    720.000 |    760.000 |        0 | 0.000000 | 1.000000 |
|    760.000 |    800.000 |        0 | 0.000000 | 1.000000 |
+------------+------------+----------+----------+----------+

Total processes: 2312974
